{"C:\\Users\\mateu\\OneDrive\\Documentos\\GymFocus\\GymFocus\\GymFocus\\src\\App.jsx": {"path":"C:\\Users\\mateu\\OneDrive\\Documentos\\GymFocus\\GymFocus\\GymFocus\\src\\App.jsx","statementMap":{"0":{"start":{"line":11,"column":6},"end":{"line":11,"column":null}},"1":{"start":{"line":11,"column":29},"end":{"line":11,"column":null}},"2":{"start":{"line":12,"column":6},"end":{"line":12,"column":null}},"3":{"start":{"line":12,"column":27},"end":{"line":12,"column":null}},"4":{"start":{"line":13,"column":6},"end":{"line":13,"column":null}},"5":{"start":{"line":13,"column":25},"end":{"line":13,"column":null}},"6":{"start":{"line":14,"column":6},"end":{"line":14,"column":null}},"7":{"start":{"line":14,"column":24},"end":{"line":14,"column":null}},"8":{"start":{"line":17,"column":10},"end":{"line":17,"column":29}},"9":{"start":{"line":19,"column":2},"end":{"line":32,"column":null}},"10":{"start":{"line":37,"column":2},"end":{"line":42,"column":null}},"11":{"start":{"line":47,"column":8},"end":{"line":47,"column":32}},"12":{"start":{"line":48,"column":8},"end":{"line":48,"column":32}},"13":{"start":{"line":49,"column":8},"end":{"line":49,"column":24}},"14":{"start":{"line":50,"column":43},"end":{"line":50,"column":53}},"15":{"start":{"line":52,"column":2},"end":{"line":64,"column":null}},"16":{"start":{"line":53,"column":4},"end":{"line":53,"column":null}},"17":{"start":{"line":53,"column":26},"end":{"line":53,"column":null}},"18":{"start":{"line":55,"column":25},"end":{"line":55,"column":74}},"19":{"start":{"line":57,"column":4},"end":{"line":57,"column":null}},"20":{"start":{"line":57,"column":23},"end":{"line":57,"column":null}},"21":{"start":{"line":59,"column":4},"end":{"line":59,"column":null}},"22":{"start":{"line":61,"column":4},"end":{"line":62,"column":null}},"23":{"start":{"line":62,"column":6},"end":{"line":62,"column":null}},"24":{"start":{"line":66,"column":2},"end":{"line":66,"column":null}},"25":{"start":{"line":70,"column":2},"end":{"line":115,"column":null}}},"fnMap":{"0":{"name":"(anonymous_0)","decl":{"start":{"line":11,"column":18},"end":{"line":11,"column":29}},"loc":{"start":{"line":11,"column":29},"end":{"line":11,"column":null}},"line":11},"1":{"name":"(anonymous_1)","decl":{"start":{"line":12,"column":16},"end":{"line":12,"column":27}},"loc":{"start":{"line":12,"column":27},"end":{"line":12,"column":null}},"line":12},"2":{"name":"(anonymous_2)","decl":{"start":{"line":13,"column":14},"end":{"line":13,"column":25}},"loc":{"start":{"line":13,"column":25},"end":{"line":13,"column":null}},"line":13},"3":{"name":"(anonymous_3)","decl":{"start":{"line":14,"column":13},"end":{"line":14,"column":24}},"loc":{"start":{"line":14,"column":24},"end":{"line":14,"column":null}},"line":14},"4":{"name":"PageLoader","decl":{"start":{"line":16,"column":9},"end":{"line":16,"column":22}},"loc":{"start":{"line":16,"column":22},"end":{"line":32,"column":null}},"line":16},"5":{"name":"ProtectedLazyPage","decl":{"start":{"line":36,"column":9},"end":{"line":36,"column":27}},"loc":{"start":{"line":36,"column":41},"end":{"line":42,"column":null}},"line":36},"6":{"name":"OAuthRedirectHandler","decl":{"start":{"line":46,"column":9},"end":{"line":46,"column":32}},"loc":{"start":{"line":46,"column":32},"end":{"line":66,"column":null}},"line":46},"7":{"name":"(anonymous_7)","decl":{"start":{"line":52,"column":2},"end":{"line":52,"column":18}},"loc":{"start":{"line":52,"column":18},"end":{"line":64,"column":6}},"line":52},"8":{"name":"App","decl":{"start":{"line":69,"column":9},"end":{"line":69,"column":15}},"loc":{"start":{"line":69,"column":15},"end":{"line":115,"column":null}},"line":69}},"branchMap":{"0":{"loc":{"start":{"line":50,"column":10},"end":{"line":50,"column":27}},"type":"default-arg","locations":[{"start":{"line":50,"column":20},"end":{"line":50,"column":27}}],"line":50},"1":{"loc":{"start":{"line":50,"column":27},"end":{"line":50,"column":43}},"type":"default-arg","locations":[{"start":{"line":50,"column":34},"end":{"line":50,"column":43}}],"line":50},"2":{"loc":{"start":{"line":50,"column":43},"end":{"line":50,"column":53}},"type":"binary-expr","locations":[{"start":{"line":50,"column":43},"end":{"line":50,"column":51}},{"start":{"line":50,"column":51},"end":{"line":50,"column":53}}],"line":50},"3":{"loc":{"start":{"line":53,"column":4},"end":{"line":53,"column":null}},"type":"if","locations":[{"start":{"line":53,"column":4},"end":{"line":53,"column":null}},{"start":{},"end":{}}],"line":53},"4":{"loc":{"start":{"line":53,"column":8},"end":{"line":53,"column":26}},"type":"binary-expr","locations":[{"start":{"line":53,"column":8},"end":{"line":53,"column":19}},{"start":{"line":53,"column":19},"end":{"line":53,"column":26}}],"line":53},"5":{"loc":{"start":{"line":57,"column":4},"end":{"line":57,"column":null}},"type":"if","locations":[{"start":{"line":57,"column":4},"end":{"line":57,"column":null}},{"start":{},"end":{}}],"line":57},"6":{"loc":{"start":{"line":61,"column":4},"end":{"line":62,"column":null}},"type":"if","locations":[{"start":{"line":61,"column":4},"end":{"line":62,"column":null}},{"start":{},"end":{}}],"line":61}},"s":{"0":1,"1":1,"2":1,"3":1,"4":1,"5":1,"6":1,"7":1,"8":4,"9":4,"10":4,"11":6,"12":6,"13":6,"14":6,"15":6,"16":6,"17":6,"18":0,"19":0,"20":0,"21":0,"22":0,"23":0,"24":6,"25":6},"f":{"0":1,"1":1,"2":1,"3":1,"4":4,"5":4,"6":6,"7":6,"8":6},"b":{"0":[6],"1":[6],"2":[6,6],"3":[6,0],"4":[6,6],"5":[0,0],"6":[0,0]},"meta":{"lastBranch":7,"lastFunction":9,"lastStatement":26,"seen":{"s:11:6:11:Infinity":0,"f:11:18:11:29":0,"s:11:29:11:Infinity":1,"s:12:6:12:Infinity":2,"f:12:16:12:27":1,"s:12:27:12:Infinity":3,"s:13:6:13:Infinity":4,"f:13:14:13:25":2,"s:13:25:13:Infinity":5,"s:14:6:14:Infinity":6,"f:14:13:14:24":3,"s:14:24:14:Infinity":7,"f:16:9:16:22":4,"s:17:10:17:29":8,"s:19:2:32:Infinity":9,"f:36:9:36:27":5,"s:37:2:42:Infinity":10,"f:46:9:46:32":6,"s:47:8:47:32":11,"s:48:8:48:32":12,"s:49:8:49:24":13,"s:50:43:50:53":14,"b:50:20:50:27":0,"b:50:34:50:43":1,"b:50:43:50:51:50:51:50:53":2,"s:52:2:64:Infinity":15,"f:52:2:52:18":7,"b:53:4:53:Infinity:undefined:undefined:undefined:undefined":3,"s:53:4:53:Infinity":16,"b:53:8:53:19:53:19:53:26":4,"s:53:26:53:Infinity":17,"s:55:25:55:74":18,"b:57:4:57:Infinity:undefined:undefined:undefined:undefined":5,"s:57:4:57:Infinity":19,"s:57:23:57:Infinity":20,"s:59:4:59:Infinity":21,"b:61:4:62:Infinity:undefined:undefined:undefined:undefined":6,"s:61:4:62:Infinity":22,"s:62:6:62:Infinity":23,"s:66:2:66:Infinity":24,"f:69:9:69:15":8,"s:70:2:115:Infinity":25}}}
,"C:\\Users\\mateu\\OneDrive\\Documentos\\GymFocus\\GymFocus\\GymFocus\\src\\components\\layout\\BrandLogo.jsx": {"path":"C:\\Users\\mateu\\OneDrive\\Documentos\\GymFocus\\GymFocus\\GymFocus\\src\\components\\layout\\BrandLogo.jsx","statementMap":{"0":{"start":{"line":3,"column":16},"end":{"line":3,"column":null}},"1":{"start":{"line":5,"column":18},"end":{"line":9,"column":null}},"2":{"start":{"line":11,"column":18},"end":{"line":24,"column":null}},"3":{"start":{"line":32,"column":10},"end":{"line":32,"column":29}},"4":{"start":{"line":33,"column":20},"end":{"line":33,"column":null}},"5":{"start":{"line":34,"column":20},"end":{"line":34,"column":null}},"6":{"start":{"line":35,"column":20},"end":{"line":35,"column":null}},"7":{"start":{"line":37,"column":2},"end":{"line":86,"column":null}}},"fnMap":{"0":{"name":"BrandLogo","decl":{"start":{"line":26,"column":9},"end":{"line":26,"column":19}},"loc":{"start":{"line":31,"column":3},"end":{"line":86,"column":null}},"line":31}},"branchMap":{"0":{"loc":{"start":{"line":27,"column":2},"end":{"line":27,"column":null}},"type":"default-arg","locations":[{"start":{"line":27,"column":11},"end":{"line":27,"column":null}}],"line":27},"1":{"loc":{"start":{"line":28,"column":2},"end":{"line":28,"column":null}},"type":"default-arg","locations":[{"start":{"line":28,"column":9},"end":{"line":28,"column":null}}],"line":28},"2":{"loc":{"start":{"line":29,"column":2},"end":{"line":29,"column":null}},"type":"default-arg","locations":[{"start":{"line":29,"column":14},"end":{"line":29,"column":null}}],"line":29},"3":{"loc":{"start":{"line":30,"column":2},"end":{"line":30,"column":null}},"type":"default-arg","locations":[{"start":{"line":30,"column":16},"end":{"line":30,"column":null}}],"line":30},"4":{"loc":{"start":{"line":34,"column":20},"end":{"line":34,"column":null}},"type":"binary-expr","locations":[{"start":{"line":34,"column":20},"end":{"line":34,"column":39}},{"start":{"line":34,"column":39},"end":{"line":34,"column":null}}],"line":34},"5":{"loc":{"start":{"line":35,"column":20},"end":{"line":35,"column":null}},"type":"binary-expr","locations":[{"start":{"line":35,"column":20},"end":{"line":35,"column":39}},{"start":{"line":35,"column":39},"end":{"line":35,"column":null}}],"line":35},"6":{"loc":{"start":{"line":41,"column":8},"end":{"line":41,"column":null}},"type":"cond-expr","locations":[{"start":{"line":41,"column":20},"end":{"line":41,"column":45}},{"start":{"line":41,"column":45},"end":{"line":41,"column":null}}],"line":41},"7":{"loc":{"start":{"line":63,"column":22},"end":{"line":63,"column":null}},"type":"cond-expr","locations":[{"start":{"line":63,"column":34},"end":{"line":63,"column":50}},{"start":{"line":63,"column":50},"end":{"line":63,"column":null}}],"line":63},"8":{"loc":{"start":{"line":82,"column":9},"end":{"line":86,"column":null}},"type":"cond-expr","locations":[{"start":{"line":83,"column":10},"end":{"line":86,"column":null}},{"start":{"line":86,"column":12},"end":{"line":86,"column":null}}],"line":82}},"s":{"0":1,"1":1,"2":1,"3":4,"4":4,"5":4,"6":4,"7":4},"f":{"0":4},"b":{"0":[4],"1":[4],"2":[4],"3":[4],"4":[4,0],"5":[4,0],"6":[4,0],"7":[4,0],"8":[0,4]},"meta":{"lastBranch":9,"lastFunction":1,"lastStatement":8,"seen":{"s:3:16:3:Infinity":0,"s:5:18:9:Infinity":1,"s:11:18:24:Infinity":2,"f:26:9:26:19":0,"b:27:11:27:Infinity":0,"b:28:9:28:Infinity":1,"b:29:14:29:Infinity":2,"b:30:16:30:Infinity":3,"s:32:10:32:29":3,"s:33:20:33:Infinity":4,"s:34:20:34:Infinity":5,"b:34:20:34:39:34:39:34:Infinity":4,"s:35:20:35:Infinity":6,"b:35:20:35:39:35:39:35:Infinity":5,"s:37:2:86:Infinity":7,"b:41:20:41:45:41:45:41:Infinity":6,"b:63:34:63:50:63:50:63:Infinity":7,"b:83:10:86:Infinity:86:12:86:Infinity":8}}}
,"C:\\Users\\mateu\\OneDrive\\Documentos\\GymFocus\\GymFocus\\GymFocus\\src\\context\\AuthContext.jsx": {"path":"C:\\Users\\mateu\\OneDrive\\Documentos\\GymFocus\\GymFocus\\GymFocus\\src\\context\\AuthContext.jsx","statementMap":{"0":{"start":{"line":11,"column":6},"end":{"line":11,"column":35}},"1":{"start":{"line":14,"column":18},"end":{"line":14,"column":null}},"2":{"start":{"line":16,"column":2},"end":{"line":19,"column":null}},"3":{"start":{"line":24,"column":2},"end":{"line":29,"column":null}},"4":{"start":{"line":25,"column":4},"end":{"line":27,"column":null}},"5":{"start":{"line":29,"column":4},"end":{"line":29,"column":null}},"6":{"start":{"line":32,"column":23},"end":{"line":32,"column":25}},"7":{"start":{"line":34,"column":2},"end":{"line":42,"column":null}},"8":{"start":{"line":34,"column":19},"end":{"line":34,"column":22}},"9":{"start":{"line":35,"column":16},"end":{"line":35,"column":39}},"10":{"start":{"line":37,"column":4},"end":{"line":42,"column":null}},"11":{"start":{"line":42,"column":6},"end":{"line":42,"column":null}},"12":{"start":{"line":46,"column":2},"end":{"line":46,"column":null}},"13":{"start":{"line":46,"column":32},"end":{"line":46,"column":60}},"14":{"start":{"line":48,"column":2},"end":{"line":48,"column":null}},"15":{"start":{"line":53,"column":4},"end":{"line":57,"column":null}},"16":{"start":{"line":59,"column":25},"end":{"line":63,"column":17}},"17":{"start":{"line":65,"column":2},"end":{"line":65,"column":null}},"18":{"start":{"line":69,"column":15},"end":{"line":69,"column":40}},"19":{"start":{"line":71,"column":18},"end":{"line":71,"column":46}},"20":{"start":{"line":72,"column":31},"end":{"line":72,"column":73}},"21":{"start":{"line":75,"column":4},"end":{"line":75,"column":null}},"22":{"start":{"line":75,"column":17},"end":{"line":75,"column":null}},"23":{"start":{"line":77,"column":4},"end":{"line":91,"column":null}},"24":{"start":{"line":78,"column":24},"end":{"line":84,"column":25}},"25":{"start":{"line":86,"column":6},"end":{"line":87,"column":null}},"26":{"start":{"line":87,"column":8},"end":{"line":87,"column":null}},"27":{"start":{"line":91,"column":6},"end":{"line":91,"column":null}},"28":{"start":{"line":96,"column":4},"end":{"line":96,"column":null}},"29":{"start":{"line":96,"column":66},"end":{"line":96,"column":null}},"30":{"start":{"line":98,"column":4},"end":{"line":130,"column":null}},"31":{"start":{"line":99,"column":59},"end":{"line":103,"column":22}},"32":{"start":{"line":105,"column":6},"end":{"line":107,"column":null}},"33":{"start":{"line":106,"column":8},"end":{"line":106,"column":null}},"34":{"start":{"line":107,"column":8},"end":{"line":107,"column":null}},"35":{"start":{"line":110,"column":6},"end":{"line":110,"column":null}},"36":{"start":{"line":110,"column":27},"end":{"line":110,"column":null}},"37":{"start":{"line":112,"column":37},"end":{"line":124,"column":8}},"38":{"start":{"line":126,"column":6},"end":{"line":127,"column":null}},"39":{"start":{"line":127,"column":8},"end":{"line":127,"column":null}},"40":{"start":{"line":130,"column":6},"end":{"line":130,"column":null}},"41":{"start":{"line":134,"column":2},"end":{"line":231,"column":null}},"42":{"start":{"line":135,"column":20},"end":{"line":135,"column":null}},"43":{"start":{"line":138,"column":6},"end":{"line":183,"column":null}},"44":{"start":{"line":139,"column":32},"end":{"line":139,"column":64}},"45":{"start":{"line":141,"column":8},"end":{"line":152,"column":null}},"46":{"start":{"line":142,"column":10},"end":{"line":149,"column":null}},"47":{"start":{"line":143,"column":12},"end":{"line":143,"column":null}},"48":{"start":{"line":145,"column":12},"end":{"line":146,"column":null}},"49":{"start":{"line":146,"column":14},"end":{"line":146,"column":null}},"50":{"start":{"line":149,"column":12},"end":{"line":149,"column":null}},"51":{"start":{"line":152,"column":10},"end":{"line":152,"column":null}},"52":{"start":{"line":155,"column":24},"end":{"line":155,"column":null}},"53":{"start":{"line":157,"column":8},"end":{"line":158,"column":null}},"54":{"start":{"line":158,"column":10},"end":{"line":158,"column":null}},"55":{"start":{"line":162,"column":8},"end":{"line":163,"column":null}},"56":{"start":{"line":163,"column":10},"end":{"line":163,"column":null}},"57":{"start":{"line":166,"column":8},"end":{"line":166,"column":null}},"58":{"start":{"line":168,"column":8},"end":{"line":175,"column":null}},"59":{"start":{"line":169,"column":10},"end":{"line":169,"column":null}},"60":{"start":{"line":171,"column":10},"end":{"line":172,"column":null}},"61":{"start":{"line":172,"column":12},"end":{"line":172,"column":null}},"62":{"start":{"line":175,"column":10},"end":{"line":175,"column":null}},"63":{"start":{"line":178,"column":8},"end":{"line":179,"column":null}},"64":{"start":{"line":179,"column":10},"end":{"line":179,"column":null}},"65":{"start":{"line":182,"column":8},"end":{"line":183,"column":null}},"66":{"start":{"line":183,"column":10},"end":{"line":183,"column":null}},"67":{"start":{"line":188,"column":4},"end":{"line":188,"column":null}},"68":{"start":{"line":192,"column":8},"end":{"line":225,"column":null}},"69":{"start":{"line":193,"column":6},"end":{"line":214,"column":null}},"70":{"start":{"line":199,"column":8},"end":{"line":200,"column":null}},"71":{"start":{"line":200,"column":10},"end":{"line":200,"column":null}},"72":{"start":{"line":203,"column":8},"end":{"line":204,"column":null}},"73":{"start":{"line":204,"column":10},"end":{"line":204,"column":null}},"74":{"start":{"line":207,"column":8},"end":{"line":207,"column":null}},"75":{"start":{"line":209,"column":8},"end":{"line":210,"column":null}},"76":{"start":{"line":210,"column":10},"end":{"line":210,"column":null}},"77":{"start":{"line":213,"column":8},"end":{"line":213,"column":null}},"78":{"start":{"line":214,"column":8},"end":{"line":214,"column":null}},"79":{"start":{"line":217,"column":6},"end":{"line":220,"column":null}},"80":{"start":{"line":218,"column":8},"end":{"line":218,"column":null}},"81":{"start":{"line":219,"column":8},"end":{"line":219,"column":null}},"82":{"start":{"line":220,"column":8},"end":{"line":220,"column":null}},"83":{"start":{"line":223,"column":6},"end":{"line":223,"column":null}},"84":{"start":{"line":224,"column":6},"end":{"line":224,"column":null}},"85":{"start":{"line":227,"column":4},"end":{"line":229,"column":null}},"86":{"start":{"line":228,"column":6},"end":{"line":228,"column":null}},"87":{"start":{"line":229,"column":6},"end":{"line":229,"column":null}},"88":{"start":{"line":234,"column":28},"end":{"line":237,"column":6}},"89":{"start":{"line":239,"column":4},"end":{"line":249,"column":null}},"90":{"start":{"line":240,"column":6},"end":{"line":240,"column":null}},"91":{"start":{"line":242,"column":6},"end":{"line":249,"column":null}},"92":{"start":{"line":252,"column":4},"end":{"line":286,"column":null}},"93":{"start":{"line":253,"column":38},"end":{"line":271,"column":10}},"94":{"start":{"line":273,"column":6},"end":{"line":280,"column":null}},"95":{"start":{"line":274,"column":8},"end":{"line":274,"column":null}},"96":{"start":{"line":276,"column":8},"end":{"line":280,"column":null}},"97":{"start":{"line":283,"column":6},"end":{"line":283,"column":null}},"98":{"start":{"line":286,"column":6},"end":{"line":286,"column":null}},"99":{"start":{"line":289,"column":4},"end":{"line":291,"column":null}},"100":{"start":{"line":296,"column":6},"end":{"line":299,"column":8}},"101":{"start":{"line":301,"column":4},"end":{"line":311,"column":null}},"102":{"start":{"line":302,"column":6},"end":{"line":302,"column":null}},"103":{"start":{"line":304,"column":6},"end":{"line":311,"column":null}},"104":{"start":{"line":314,"column":4},"end":{"line":318,"column":null}},"105":{"start":{"line":315,"column":6},"end":{"line":315,"column":null}},"106":{"start":{"line":318,"column":6},"end":{"line":318,"column":null}},"107":{"start":{"line":321,"column":4},"end":{"line":323,"column":null}},"108":{"start":{"line":327,"column":23},"end":{"line":327,"column":null}},"109":{"start":{"line":329,"column":4},"end":{"line":329,"column":null}},"110":{"start":{"line":331,"column":28},"end":{"line":336,"column":6}},"111":{"start":{"line":338,"column":4},"end":{"line":345,"column":null}},"112":{"start":{"line":339,"column":6},"end":{"line":339,"column":null}},"113":{"start":{"line":341,"column":6},"end":{"line":345,"column":null}},"114":{"start":{"line":348,"column":4},"end":{"line":350,"column":null}},"115":{"start":{"line":354,"column":23},"end":{"line":354,"column":null}},"116":{"start":{"line":356,"column":28},"end":{"line":358,"column":6}},"117":{"start":{"line":360,"column":4},"end":{"line":367,"column":null}},"118":{"start":{"line":361,"column":6},"end":{"line":361,"column":null}},"119":{"start":{"line":363,"column":6},"end":{"line":367,"column":null}},"120":{"start":{"line":370,"column":4},"end":{"line":372,"column":null}},"121":{"start":{"line":376,"column":28},"end":{"line":378,"column":6}},"122":{"start":{"line":380,"column":4},"end":{"line":387,"column":null}},"123":{"start":{"line":381,"column":6},"end":{"line":381,"column":null}},"124":{"start":{"line":383,"column":6},"end":{"line":387,"column":null}},"125":{"start":{"line":390,"column":4},"end":{"line":390,"column":null}},"126":{"start":{"line":392,"column":4},"end":{"line":394,"column":null}},"127":{"start":{"line":398,"column":4},"end":{"line":399,"column":null}},"128":{"start":{"line":399,"column":6},"end":{"line":399,"column":null}},"129":{"start":{"line":402,"column":4},"end":{"line":402,"column":null}},"130":{"start":{"line":404,"column":4},"end":{"line":404,"column":null}},"131":{"start":{"line":407,"column":2},"end":{"line":422,"column":null}},"132":{"start":{"line":427,"column":2},"end":{"line":427,"column":null}}},"fnMap":{"0":{"name":"isInvalidRefreshTokenError","decl":{"start":{"line":13,"column":9},"end":{"line":13,"column":36}},"loc":{"start":{"line":13,"column":43},"end":{"line":19,"column":null}},"line":13},"1":{"name":"clearBrokenAuthSession","decl":{"start":{"line":23,"column":15},"end":{"line":23,"column":40}},"loc":{"start":{"line":23,"column":40},"end":{"line":48,"column":null}},"line":23},"2":{"name":"(anonymous_2)","decl":{"start":{"line":46,"column":15},"end":{"line":46,"column":24}},"loc":{"start":{"line":46,"column":32},"end":{"line":46,"column":60}},"line":46},"3":{"name":"buildOAuthUsername","decl":{"start":{"line":51,"column":9},"end":{"line":51,"column":28}},"loc":{"start":{"line":51,"column":34},"end":{"line":65,"column":null}},"line":51},"4":{"name":"AuthProvider","decl":{"start":{"line":68,"column":16},"end":{"line":68,"column":29}},"loc":{"start":{"line":68,"column":43},"end":{"line":422,"column":null}},"line":68},"5":{"name":"setUserOnlineStatus","decl":{"start":{"line":74,"column":17},"end":{"line":74,"column":37}},"loc":{"start":{"line":74,"column":53},"end":{"line":91,"column":null}},"line":74},"6":{"name":"ensureOAuthProfile","decl":{"start":{"line":95,"column":17},"end":{"line":95,"column":36}},"loc":{"start":{"line":95,"column":46},"end":{"line":130,"column":null}},"line":95},"7":{"name":"(anonymous_7)","decl":{"start":{"line":134,"column":2},"end":{"line":134,"column":18}},"loc":{"start":{"line":134,"column":18},"end":{"line":231,"column":7}},"line":134},"8":{"name":"loadSession","decl":{"start":{"line":137,"column":19},"end":{"line":137,"column":33}},"loc":{"start":{"line":137,"column":33},"end":{"line":183,"column":null}},"line":137},"9":{"name":"(anonymous_9)","decl":{"start":{"line":192,"column":40},"end":{"line":192,"column":47}},"loc":{"start":{"line":192,"column":66},"end":{"line":225,"column":null}},"line":192},"10":{"name":"(anonymous_10)","decl":{"start":{"line":227,"column":4},"end":{"line":227,"column":17}},"loc":{"start":{"line":227,"column":17},"end":{"line":229,"column":null}},"line":227},"11":{"name":"signUp","decl":{"start":{"line":233,"column":17},"end":{"line":233,"column":24}},"loc":{"start":{"line":233,"column":68},"end":{"line":291,"column":null}},"line":233},"12":{"name":"signIn","decl":{"start":{"line":294,"column":17},"end":{"line":294,"column":24}},"loc":{"start":{"line":294,"column":41},"end":{"line":323,"column":null}},"line":294},"13":{"name":"signInWithGoogle","decl":{"start":{"line":326,"column":17},"end":{"line":326,"column":36}},"loc":{"start":{"line":326,"column":36},"end":{"line":350,"column":null}},"line":326},"14":{"name":"requestPasswordReset","decl":{"start":{"line":353,"column":17},"end":{"line":353,"column":38}},"loc":{"start":{"line":353,"column":45},"end":{"line":372,"column":null}},"line":353},"15":{"name":"updatePassword","decl":{"start":{"line":375,"column":17},"end":{"line":375,"column":32}},"loc":{"start":{"line":375,"column":45},"end":{"line":394,"column":null}},"line":375},"16":{"name":"signOut","decl":{"start":{"line":397,"column":17},"end":{"line":397,"column":27}},"loc":{"start":{"line":397,"column":27},"end":{"line":404,"column":null}},"line":397},"17":{"name":"useAuth","decl":{"start":{"line":426,"column":16},"end":{"line":426,"column":26}},"loc":{"start":{"line":426,"column":26},"end":{"line":427,"column":null}},"line":426}},"branchMap":{"0":{"loc":{"start":{"line":14,"column":18},"end":{"line":14,"column":null}},"type":"binary-expr","locations":[{"start":{"line":14,"column":18},"end":{"line":14,"column":36}},{"start":{"line":14,"column":36},"end":{"line":14,"column":null}}],"line":14},"1":{"loc":{"start":{"line":17,"column":4},"end":{"line":19,"column":47}},"type":"binary-expr","locations":[{"start":{"line":17,"column":4},"end":{"line":17,"column":45}},{"start":{"line":18,"column":4},"end":{"line":18,"column":47}},{"start":{"line":19,"column":4},"end":{"line":19,"column":47}}],"line":17},"2":{"loc":{"start":{"line":37,"column":4},"end":{"line":42,"column":null}},"type":"if","locations":[{"start":{"line":37,"column":4},"end":{"line":42,"column":null}},{"start":{},"end":{}}],"line":37},"3":{"loc":{"start":{"line":38,"column":6},"end":{"line":40,"column":27}},"type":"binary-expr","locations":[{"start":{"line":38,"column":6},"end":{"line":38,"column":31}},{"start":{"line":39,"column":6},"end":{"line":39,"column":26}},{"start":{"line":40,"column":6},"end":{"line":40,"column":27}}],"line":38},"4":{"loc":{"start":{"line":53,"column":4},"end":{"line":57,"column":null}},"type":"binary-expr","locations":[{"start":{"line":53,"column":4},"end":{"line":53,"column":null}},{"start":{"line":54,"column":4},"end":{"line":54,"column":null}},{"start":{"line":55,"column":4},"end":{"line":55,"column":null}},{"start":{"line":56,"column":4},"end":{"line":56,"column":null}},{"start":{"line":57,"column":4},"end":{"line":57,"column":null}}],"line":53},"5":{"loc":{"start":{"line":65,"column":12},"end":{"line":65,"column":40}},"type":"binary-expr","locations":[{"start":{"line":65,"column":12},"end":{"line":65,"column":30}},{"start":{"line":65,"column":30},"end":{"line":65,"column":40}}],"line":65},"6":{"loc":{"start":{"line":75,"column":4},"end":{"line":75,"column":null}},"type":"if","locations":[{"start":{"line":75,"column":4},"end":{"line":75,"column":null}},{"start":{},"end":{}}],"line":75},"7":{"loc":{"start":{"line":86,"column":6},"end":{"line":87,"column":null}},"type":"if","locations":[{"start":{"line":86,"column":6},"end":{"line":87,"column":null}},{"start":{},"end":{}}],"line":86},"8":{"loc":{"start":{"line":96,"column":4},"end":{"line":96,"column":null}},"type":"if","locations":[{"start":{"line":96,"column":4},"end":{"line":96,"column":null}},{"start":{},"end":{}}],"line":96},"9":{"loc":{"start":{"line":96,"column":8},"end":{"line":96,"column":66}},"type":"binary-expr","locations":[{"start":{"line":96,"column":8},"end":{"line":96,"column":21}},{"start":{"line":96,"column":21},"end":{"line":96,"column":66}}],"line":96},"10":{"loc":{"start":{"line":105,"column":6},"end":{"line":107,"column":null}},"type":"if","locations":[{"start":{"line":105,"column":6},"end":{"line":107,"column":null}},{"start":{},"end":{}}],"line":105},"11":{"loc":{"start":{"line":110,"column":6},"end":{"line":110,"column":null}},"type":"if","locations":[{"start":{"line":110,"column":6},"end":{"line":110,"column":null}},{"start":{},"end":{}}],"line":110},"12":{"loc":{"start":{"line":119,"column":22},"end":{"line":119,"column":null}},"type":"binary-expr","locations":[{"start":{"line":119,"column":22},"end":{"line":119,"column":60}},{"start":{"line":119,"column":60},"end":{"line":119,"column":null}}],"line":119},"13":{"loc":{"start":{"line":126,"column":6},"end":{"line":127,"column":null}},"type":"if","locations":[{"start":{"line":126,"column":6},"end":{"line":127,"column":null}},{"start":{},"end":{}}],"line":126},"14":{"loc":{"start":{"line":141,"column":8},"end":{"line":152,"column":null}},"type":"if","locations":[{"start":{"line":141,"column":8},"end":{"line":152,"column":null}},{"start":{},"end":{}}],"line":141},"15":{"loc":{"start":{"line":142,"column":10},"end":{"line":149,"column":null}},"type":"if","locations":[{"start":{"line":142,"column":10},"end":{"line":149,"column":null}},{"start":{},"end":{}}],"line":142},"16":{"loc":{"start":{"line":145,"column":12},"end":{"line":146,"column":null}},"type":"if","locations":[{"start":{"line":145,"column":12},"end":{"line":146,"column":null}},{"start":{},"end":{}}],"line":145},"17":{"loc":{"start":{"line":155,"column":24},"end":{"line":155,"column":null}},"type":"binary-expr","locations":[{"start":{"line":155,"column":24},"end":{"line":155,"column":41}},{"start":{"line":155,"column":41},"end":{"line":155,"column":null}}],"line":155},"18":{"loc":{"start":{"line":157,"column":8},"end":{"line":158,"column":null}},"type":"if","locations":[{"start":{"line":157,"column":8},"end":{"line":158,"column":null}},{"start":{},"end":{}}],"line":157},"19":{"loc":{"start":{"line":158,"column":18},"end":{"line":158,"column":40}},"type":"binary-expr","locations":[{"start":{"line":158,"column":18},"end":{"line":158,"column":35}},{"start":{"line":158,"column":35},"end":{"line":158,"column":40}}],"line":158},"20":{"loc":{"start":{"line":162,"column":8},"end":{"line":163,"column":null}},"type":"if","locations":[{"start":{"line":162,"column":8},"end":{"line":163,"column":null}},{"start":{},"end":{}}],"line":162},"21":{"loc":{"start":{"line":168,"column":8},"end":{"line":175,"column":null}},"type":"if","locations":[{"start":{"line":168,"column":8},"end":{"line":175,"column":null}},{"start":{},"end":{}}],"line":168},"22":{"loc":{"start":{"line":171,"column":10},"end":{"line":172,"column":null}},"type":"if","locations":[{"start":{"line":171,"column":10},"end":{"line":172,"column":null}},{"start":{},"end":{}}],"line":171},"23":{"loc":{"start":{"line":178,"column":8},"end":{"line":179,"column":null}},"type":"if","locations":[{"start":{"line":178,"column":8},"end":{"line":179,"column":null}},{"start":{},"end":{}}],"line":178},"24":{"loc":{"start":{"line":182,"column":8},"end":{"line":183,"column":null}},"type":"if","locations":[{"start":{"line":182,"column":8},"end":{"line":183,"column":null}},{"start":{},"end":{}}],"line":182},"25":{"loc":{"start":{"line":193,"column":6},"end":{"line":214,"column":null}},"type":"if","locations":[{"start":{"line":193,"column":6},"end":{"line":214,"column":null}},{"start":{},"end":{}}],"line":193},"26":{"loc":{"start":{"line":194,"column":8},"end":{"line":197,"column":null}},"type":"binary-expr","locations":[{"start":{"line":194,"column":8},"end":{"line":194,"column":null}},{"start":{"line":195,"column":8},"end":{"line":195,"column":null}},{"start":{"line":196,"column":8},"end":{"line":196,"column":null}},{"start":{"line":197,"column":8},"end":{"line":197,"column":null}}],"line":194},"27":{"loc":{"start":{"line":199,"column":8},"end":{"line":200,"column":null}},"type":"if","locations":[{"start":{"line":199,"column":8},"end":{"line":200,"column":null}},{"start":{},"end":{}}],"line":199},"28":{"loc":{"start":{"line":203,"column":8},"end":{"line":204,"column":null}},"type":"if","locations":[{"start":{"line":203,"column":8},"end":{"line":204,"column":null}},{"start":{},"end":{}}],"line":203},"29":{"loc":{"start":{"line":207,"column":16},"end":{"line":207,"column":38}},"type":"binary-expr","locations":[{"start":{"line":207,"column":16},"end":{"line":207,"column":33}},{"start":{"line":207,"column":33},"end":{"line":207,"column":38}}],"line":207},"30":{"loc":{"start":{"line":209,"column":8},"end":{"line":210,"column":null}},"type":"if","locations":[{"start":{"line":209,"column":8},"end":{"line":210,"column":null}},{"start":{},"end":{}}],"line":209},"31":{"loc":{"start":{"line":217,"column":6},"end":{"line":220,"column":null}},"type":"if","locations":[{"start":{"line":217,"column":6},"end":{"line":220,"column":null}},{"start":{},"end":{}}],"line":217},"32":{"loc":{"start":{"line":223,"column":14},"end":{"line":223,"column":36}},"type":"binary-expr","locations":[{"start":{"line":223,"column":14},"end":{"line":223,"column":31}},{"start":{"line":223,"column":31},"end":{"line":223,"column":36}}],"line":223},"33":{"loc":{"start":{"line":233,"column":51},"end":{"line":233,"column":66}},"type":"default-arg","locations":[{"start":{"line":233,"column":64},"end":{"line":233,"column":66}}],"line":233},"34":{"loc":{"start":{"line":239,"column":4},"end":{"line":249,"column":null}},"type":"if","locations":[{"start":{"line":239,"column":4},"end":{"line":249,"column":null}},{"start":{},"end":{}}],"line":239},"35":{"loc":{"start":{"line":245,"column":12},"end":{"line":247,"column":null}},"type":"cond-expr","locations":[{"start":{"line":246,"column":16},"end":{"line":246,"column":null}},{"start":{"line":247,"column":16},"end":{"line":247,"column":null}}],"line":245},"36":{"loc":{"start":{"line":252,"column":4},"end":{"line":286,"column":null}},"type":"if","locations":[{"start":{"line":252,"column":4},"end":{"line":286,"column":null}},{"start":{},"end":{}}],"line":252},"37":{"loc":{"start":{"line":264,"column":26},"end":{"line":264,"column":null}},"type":"binary-expr","locations":[{"start":{"line":264,"column":26},"end":{"line":264,"column":45}},{"start":{"line":264,"column":45},"end":{"line":264,"column":null}}],"line":264},"38":{"loc":{"start":{"line":265,"column":28},"end":{"line":265,"column":null}},"type":"binary-expr","locations":[{"start":{"line":265,"column":28},"end":{"line":265,"column":48}},{"start":{"line":265,"column":48},"end":{"line":265,"column":null}}],"line":265},"39":{"loc":{"start":{"line":266,"column":30},"end":{"line":266,"column":null}},"type":"binary-expr","locations":[{"start":{"line":266,"column":30},"end":{"line":266,"column":58}},{"start":{"line":266,"column":58},"end":{"line":266,"column":null}}],"line":266},"40":{"loc":{"start":{"line":267,"column":42},"end":{"line":267,"column":78}},"type":"binary-expr","locations":[{"start":{"line":267,"column":42},"end":{"line":267,"column":61}},{"start":{"line":267,"column":61},"end":{"line":267,"column":78}}],"line":267},"41":{"loc":{"start":{"line":273,"column":6},"end":{"line":280,"column":null}},"type":"if","locations":[{"start":{"line":273,"column":6},"end":{"line":280,"column":null}},{"start":{},"end":{}}],"line":273},"42":{"loc":{"start":{"line":301,"column":4},"end":{"line":311,"column":null}},"type":"if","locations":[{"start":{"line":301,"column":4},"end":{"line":311,"column":null}},{"start":{},"end":{}}],"line":301},"43":{"loc":{"start":{"line":307,"column":12},"end":{"line":309,"column":null}},"type":"cond-expr","locations":[{"start":{"line":308,"column":16},"end":{"line":308,"column":null}},{"start":{"line":309,"column":16},"end":{"line":309,"column":null}}],"line":307},"44":{"loc":{"start":{"line":314,"column":4},"end":{"line":318,"column":null}},"type":"if","locations":[{"start":{"line":314,"column":4},"end":{"line":318,"column":null}},{"start":{},"end":{}}],"line":314},"45":{"loc":{"start":{"line":338,"column":4},"end":{"line":345,"column":null}},"type":"if","locations":[{"start":{"line":338,"column":4},"end":{"line":345,"column":null}},{"start":{},"end":{}}],"line":338},"46":{"loc":{"start":{"line":360,"column":4},"end":{"line":367,"column":null}},"type":"if","locations":[{"start":{"line":360,"column":4},"end":{"line":367,"column":null}},{"start":{},"end":{}}],"line":360},"47":{"loc":{"start":{"line":380,"column":4},"end":{"line":387,"column":null}},"type":"if","locations":[{"start":{"line":380,"column":4},"end":{"line":387,"column":null}},{"start":{},"end":{}}],"line":380},"48":{"loc":{"start":{"line":398,"column":4},"end":{"line":399,"column":null}},"type":"if","locations":[{"start":{"line":398,"column":4},"end":{"line":399,"column":null}},{"start":{},"end":{}}],"line":398}},"s":{"0":1,"1":0,"2":0,"3":0,"4":0,"5":0,"6":0,"7":0,"8":0,"9":0,"10":0,"11":0,"12":0,"13":0,"14":0,"15":0,"16":0,"17":0,"18":0,"19":0,"20":0,"21":0,"22":0,"23":0,"24":0,"25":0,"26":0,"27":0,"28":0,"29":0,"30":0,"31":0,"32":0,"33":0,"34":0,"35":0,"36":0,"37":0,"38":0,"39":0,"40":0,"41":0,"42":0,"43":0,"44":0,"45":0,"46":0,"47":0,"48":0,"49":0,"50":0,"51":0,"52":0,"53":0,"54":0,"55":0,"56":0,"57":0,"58":0,"59":0,"60":0,"61":0,"62":0,"63":0,"64":0,"65":0,"66":0,"67":0,"68":0,"69":0,"70":0,"71":0,"72":0,"73":0,"74":0,"75":0,"76":0,"77":0,"78":0,"79":0,"80":0,"81":0,"82":0,"83":0,"84":0,"85":0,"86":0,"87":0,"88":0,"89":0,"90":0,"91":0,"92":0,"93":0,"94":0,"95":0,"96":0,"97":0,"98":0,"99":0,"100":0,"101":0,"102":0,"103":0,"104":0,"105":0,"106":0,"107":0,"108":0,"109":0,"110":0,"111":0,"112":0,"113":0,"114":0,"115":0,"116":0,"117":0,"118":0,"119":0,"120":0,"121":0,"122":0,"123":0,"124":0,"125":0,"126":0,"127":0,"128":0,"129":0,"130":0,"131":0,"132":6},"f":{"0":0,"1":0,"2":0,"3":0,"4":0,"5":0,"6":0,"7":0,"8":0,"9":0,"10":0,"11":0,"12":0,"13":0,"14":0,"15":0,"16":0,"17":6},"b":{"0":[0,0],"1":[0,0,0],"2":[0,0],"3":[0,0,0],"4":[0,0,0,0,0],"5":[0,0],"6":[0,0],"7":[0,0],"8":[0,0],"9":[0,0],"10":[0,0],"11":[0,0],"12":[0,0],"13":[0,0],"14":[0,0],"15":[0,0],"16":[0,0],"17":[0,0],"18":[0,0],"19":[0,0],"20":[0,0],"21":[0,0],"22":[0,0],"23":[0,0],"24":[0,0],"25":[0,0],"26":[0,0,0,0],"27":[0,0],"28":[0,0],"29":[0,0],"30":[0,0],"31":[0,0],"32":[0,0],"33":[0],"34":[0,0],"35":[0,0],"36":[0,0],"37":[0,0],"38":[0,0],"39":[0,0],"40":[0,0],"41":[0,0],"42":[0,0],"43":[0,0],"44":[0,0],"45":[0,0],"46":[0,0],"47":[0,0],"48":[0,0]},"meta":{"lastBranch":49,"lastFunction":18,"lastStatement":133,"seen":{"s:11:6:11:35":0,"f:13:9:13:36":0,"s:14:18:14:Infinity":1,"b:14:18:14:36:14:36:14:Infinity":0,"s:16:2:19:Infinity":2,"b:17:4:17:45:18:4:18:47:19:4:19:47":1,"f:23:15:23:40":1,"s:24:2:29:Infinity":3,"s:25:4:27:Infinity":4,"s:29:4:29:Infinity":5,"s:32:23:32:25":6,"s:34:2:42:Infinity":7,"s:34:19:34:22":8,"s:35:16:35:39":9,"b:37:4:42:Infinity:undefined:undefined:undefined:undefined":2,"s:37:4:42:Infinity":10,"b:38:6:38:31:39:6:39:26:40:6:40:27":3,"s:42:6:42:Infinity":11,"s:46:2:46:Infinity":12,"f:46:15:46:24":2,"s:46:32:46:60":13,"s:48:2:48:Infinity":14,"f:51:9:51:28":3,"s:53:4:57:Infinity":15,"b:53:4:53:Infinity:54:4:54:Infinity:55:4:55:Infinity:56:4:56:Infinity:57:4:57:Infinity":4,"s:59:25:63:17":16,"s:65:2:65:Infinity":17,"b:65:12:65:30:65:30:65:40":5,"f:68:16:68:29":4,"s:69:15:69:40":18,"s:71:18:71:46":19,"s:72:31:72:73":20,"f:74:17:74:37":5,"b:75:4:75:Infinity:undefined:undefined:undefined:undefined":6,"s:75:4:75:Infinity":21,"s:75:17:75:Infinity":22,"s:77:4:91:Infinity":23,"s:78:24:84:25":24,"b:86:6:87:Infinity:undefined:undefined:undefined:undefined":7,"s:86:6:87:Infinity":25,"s:87:8:87:Infinity":26,"s:91:6:91:Infinity":27,"f:95:17:95:36":6,"b:96:4:96:Infinity:undefined:undefined:undefined:undefined":8,"s:96:4:96:Infinity":28,"b:96:8:96:21:96:21:96:66":9,"s:96:66:96:Infinity":29,"s:98:4:130:Infinity":30,"s:99:59:103:22":31,"b:105:6:107:Infinity:undefined:undefined:undefined:undefined":10,"s:105:6:107:Infinity":32,"s:106:8:106:Infinity":33,"s:107:8:107:Infinity":34,"b:110:6:110:Infinity:undefined:undefined:undefined:undefined":11,"s:110:6:110:Infinity":35,"s:110:27:110:Infinity":36,"s:112:37:124:8":37,"b:119:22:119:60:119:60:119:Infinity":12,"b:126:6:127:Infinity:undefined:undefined:undefined:undefined":13,"s:126:6:127:Infinity":38,"s:127:8:127:Infinity":39,"s:130:6:130:Infinity":40,"s:134:2:231:Infinity":41,"f:134:2:134:18":7,"s:135:20:135:Infinity":42,"f:137:19:137:33":8,"s:138:6:183:Infinity":43,"s:139:32:139:64":44,"b:141:8:152:Infinity:undefined:undefined:undefined:undefined":14,"s:141:8:152:Infinity":45,"b:142:10:149:Infinity:undefined:undefined:undefined:undefined":15,"s:142:10:149:Infinity":46,"s:143:12:143:Infinity":47,"b:145:12:146:Infinity:undefined:undefined:undefined:undefined":16,"s:145:12:146:Infinity":48,"s:146:14:146:Infinity":49,"s:149:12:149:Infinity":50,"s:152:10:152:Infinity":51,"s:155:24:155:Infinity":52,"b:155:24:155:41:155:41:155:Infinity":17,"b:157:8:158:Infinity:undefined:undefined:undefined:undefined":18,"s:157:8:158:Infinity":53,"s:158:10:158:Infinity":54,"b:158:18:158:35:158:35:158:40":19,"b:162:8:163:Infinity:undefined:undefined:undefined:undefined":20,"s:162:8:163:Infinity":55,"s:163:10:163:Infinity":56,"s:166:8:166:Infinity":57,"b:168:8:175:Infinity:undefined:undefined:undefined:undefined":21,"s:168:8:175:Infinity":58,"s:169:10:169:Infinity":59,"b:171:10:172:Infinity:undefined:undefined:undefined:undefined":22,"s:171:10:172:Infinity":60,"s:172:12:172:Infinity":61,"s:175:10:175:Infinity":62,"b:178:8:179:Infinity:undefined:undefined:undefined:undefined":23,"s:178:8:179:Infinity":63,"s:179:10:179:Infinity":64,"b:182:8:183:Infinity:undefined:undefined:undefined:undefined":24,"s:182:8:183:Infinity":65,"s:183:10:183:Infinity":66,"s:188:4:188:Infinity":67,"s:192:8:225:Infinity":68,"f:192:40:192:47":9,"b:193:6:214:Infinity:undefined:undefined:undefined:undefined":25,"s:193:6:214:Infinity":69,"b:194:8:194:Infinity:195:8:195:Infinity:196:8:196:Infinity:197:8:197:Infinity":26,"b:199:8:200:Infinity:undefined:undefined:undefined:undefined":27,"s:199:8:200:Infinity":70,"s:200:10:200:Infinity":71,"b:203:8:204:Infinity:undefined:undefined:undefined:undefined":28,"s:203:8:204:Infinity":72,"s:204:10:204:Infinity":73,"s:207:8:207:Infinity":74,"b:207:16:207:33:207:33:207:38":29,"b:209:8:210:Infinity:undefined:undefined:undefined:undefined":30,"s:209:8:210:Infinity":75,"s:210:10:210:Infinity":76,"s:213:8:213:Infinity":77,"s:214:8:214:Infinity":78,"b:217:6:220:Infinity:undefined:undefined:undefined:undefined":31,"s:217:6:220:Infinity":79,"s:218:8:218:Infinity":80,"s:219:8:219:Infinity":81,"s:220:8:220:Infinity":82,"s:223:6:223:Infinity":83,"b:223:14:223:31:223:31:223:36":32,"s:224:6:224:Infinity":84,"s:227:4:229:Infinity":85,"f:227:4:227:17":10,"s:228:6:228:Infinity":86,"s:229:6:229:Infinity":87,"f:233:17:233:24":11,"b:233:64:233:66":33,"s:234:28:237:6":88,"b:239:4:249:Infinity:undefined:undefined:undefined:undefined":34,"s:239:4:249:Infinity":89,"s:240:6:240:Infinity":90,"s:242:6:249:Infinity":91,"b:246:16:246:Infinity:247:16:247:Infinity":35,"b:252:4:286:Infinity:undefined:undefined:undefined:undefined":36,"s:252:4:286:Infinity":92,"s:253:38:271:10":93,"b:264:26:264:45:264:45:264:Infinity":37,"b:265:28:265:48:265:48:265:Infinity":38,"b:266:30:266:58:266:58:266:Infinity":39,"b:267:42:267:61:267:61:267:78":40,"b:273:6:280:Infinity:undefined:undefined:undefined:undefined":41,"s:273:6:280:Infinity":94,"s:274:8:274:Infinity":95,"s:276:8:280:Infinity":96,"s:283:6:283:Infinity":97,"s:286:6:286:Infinity":98,"s:289:4:291:Infinity":99,"f:294:17:294:24":12,"s:296:6:299:8":100,"b:301:4:311:Infinity:undefined:undefined:undefined:undefined":42,"s:301:4:311:Infinity":101,"s:302:6:302:Infinity":102,"s:304:6:311:Infinity":103,"b:308:16:308:Infinity:309:16:309:Infinity":43,"b:314:4:318:Infinity:undefined:undefined:undefined:undefined":44,"s:314:4:318:Infinity":104,"s:315:6:315:Infinity":105,"s:318:6:318:Infinity":106,"s:321:4:323:Infinity":107,"f:326:17:326:36":13,"s:327:23:327:Infinity":108,"s:329:4:329:Infinity":109,"s:331:28:336:6":110,"b:338:4:345:Infinity:undefined:undefined:undefined:undefined":45,"s:338:4:345:Infinity":111,"s:339:6:339:Infinity":112,"s:341:6:345:Infinity":113,"s:348:4:350:Infinity":114,"f:353:17:353:38":14,"s:354:23:354:Infinity":115,"s:356:28:358:6":116,"b:360:4:367:Infinity:undefined:undefined:undefined:undefined":46,"s:360:4:367:Infinity":117,"s:361:6:361:Infinity":118,"s:363:6:367:Infinity":119,"s:370:4:372:Infinity":120,"f:375:17:375:32":15,"s:376:28:378:6":121,"b:380:4:387:Infinity:undefined:undefined:undefined:undefined":47,"s:380:4:387:Infinity":122,"s:381:6:381:Infinity":123,"s:383:6:387:Infinity":124,"s:390:4:390:Infinity":125,"s:392:4:394:Infinity":126,"f:397:17:397:27":16,"b:398:4:399:Infinity:undefined:undefined:undefined:undefined":48,"s:398:4:399:Infinity":127,"s:399:6:399:Infinity":128,"s:402:4:402:Infinity":129,"s:404:4:404:Infinity":130,"s:407:2:422:Infinity":131,"f:426:16:426:26":17,"s:427:2:427:Infinity":132}}}
,"C:\\Users\\mateu\\OneDrive\\Documentos\\GymFocus\\GymFocus\\GymFocus\\src\\context\\LanguageContext.jsx": {"path":"C:\\Users\\mateu\\OneDrive\\Documentos\\GymFocus\\GymFocus\\GymFocus\\src\\context\\LanguageContext.jsx","statementMap":{"0":{"start":{"line":3,"column":20},"end":{"line":3,"column":null}},"1":{"start":{"line":5,"column":21},"end":{"line":158,"column":null}},"2":{"start":{"line":160,"column":18},"end":{"line":645,"column":null}},"3":{"start":{"line":647,"column":6},"end":{"line":647,"column":43}},"4":{"start":{"line":650,"column":2},"end":{"line":654,"column":null}},"5":{"start":{"line":652,"column":6},"end":{"line":652,"column":56}},"6":{"start":{"line":658,"column":14},"end":{"line":658,"column":23}},"7":{"start":{"line":660,"column":2},"end":{"line":663,"column":null}},"8":{"start":{"line":661,"column":4},"end":{"line":661,"column":null}},"9":{"start":{"line":662,"column":4},"end":{"line":662,"column":null}},"10":{"start":{"line":665,"column":2},"end":{"line":665,"column":null}},"11":{"start":{"line":669,"column":18},"end":{"line":669,"column":30}},"12":{"start":{"line":670,"column":21},"end":{"line":670,"column":43}},"13":{"start":{"line":672,"column":2},"end":{"line":698,"column":null}},"14":{"start":{"line":673,"column":4},"end":{"line":683,"column":null}},"15":{"start":{"line":674,"column":30},"end":{"line":678,"column":null}},"16":{"start":{"line":675,"column":32},"end":{"line":675,"column":62}},"17":{"start":{"line":677,"column":8},"end":{"line":677,"column":null}},"18":{"start":{"line":680,"column":23},"end":{"line":680,"column":50}},"19":{"start":{"line":682,"column":6},"end":{"line":683,"column":null}},"20":{"start":{"line":683,"column":8},"end":{"line":683,"column":null}},"21":{"start":{"line":687,"column":21},"end":{"line":687,"column":52}},"22":{"start":{"line":689,"column":4},"end":{"line":694,"column":null}},"23":{"start":{"line":690,"column":31},"end":{"line":690,"column":null}},"24":{"start":{"line":691,"column":29},"end":{"line":691,"column":48}},"25":{"start":{"line":693,"column":6},"end":{"line":694,"column":null}},"26":{"start":{"line":694,"column":8},"end":{"line":694,"column":null}},"27":{"start":{"line":698,"column":4},"end":{"line":698,"column":null}},"28":{"start":{"line":701,"column":2},"end":{"line":701,"column":null}},"29":{"start":{"line":705,"column":2},"end":{"line":705,"column":null}},"30":{"start":{"line":705,"column":13},"end":{"line":705,"column":null}},"31":{"start":{"line":707,"column":21},"end":{"line":707,"column":74}},"32":{"start":{"line":708,"column":20},"end":{"line":708,"column":22}},"33":{"start":{"line":710,"column":2},"end":{"line":711,"column":null}},"34":{"start":{"line":711,"column":4},"end":{"line":711,"column":null}},"35":{"start":{"line":714,"column":2},"end":{"line":726,"column":null}},"36":{"start":{"line":715,"column":19},"end":{"line":715,"column":null}},"37":{"start":{"line":717,"column":4},"end":{"line":722,"column":null}},"38":{"start":{"line":722,"column":6},"end":{"line":722,"column":null}},"39":{"start":{"line":725,"column":4},"end":{"line":725,"column":null}},"40":{"start":{"line":728,"column":2},"end":{"line":738,"column":null}},"41":{"start":{"line":730,"column":6},"end":{"line":736,"column":null}},"42":{"start":{"line":731,"column":22},"end":{"line":731,"column":53}},"43":{"start":{"line":733,"column":8},"end":{"line":734,"column":null}},"44":{"start":{"line":734,"column":10},"end":{"line":734,"column":null}},"45":{"start":{"line":742,"column":19},"end":{"line":750,"column":null}},"46":{"start":{"line":743,"column":19},"end":{"line":743,"column":52}},"47":{"start":{"line":745,"column":4},"end":{"line":746,"column":null}},"48":{"start":{"line":746,"column":6},"end":{"line":746,"column":null}},"49":{"start":{"line":749,"column":4},"end":{"line":749,"column":null}},"50":{"start":{"line":752,"column":2},"end":{"line":755,"column":null}},"51":{"start":{"line":753,"column":4},"end":{"line":753,"column":null}},"52":{"start":{"line":754,"column":4},"end":{"line":754,"column":null}},"53":{"start":{"line":757,"column":2},"end":{"line":784,"column":null}},"54":{"start":{"line":758,"column":22},"end":{"line":758,"column":44}},"55":{"start":{"line":759,"column":22},"end":{"line":759,"column":null}},"56":{"start":{"line":762,"column":6},"end":{"line":762,"column":null}},"57":{"start":{"line":762,"column":23},"end":{"line":762,"column":null}},"58":{"start":{"line":764,"column":6},"end":{"line":764,"column":null}},"59":{"start":{"line":765,"column":6},"end":{"line":765,"column":null}},"60":{"start":{"line":766,"column":6},"end":{"line":766,"column":null}},"61":{"start":{"line":769,"column":4},"end":{"line":769,"column":null}},"62":{"start":{"line":771,"column":21},"end":{"line":773,"column":null}},"63":{"start":{"line":772,"column":6},"end":{"line":772,"column":null}},"64":{"start":{"line":775,"column":4},"end":{"line":781,"column":null}},"65":{"start":{"line":783,"column":4},"end":{"line":783,"column":null}},"66":{"start":{"line":783,"column":17},"end":{"line":783,"column":38}},"67":{"start":{"line":786,"column":8},"end":{"line":805,"column":16}},"68":{"start":{"line":788,"column":21},"end":{"line":788,"column":null}},"69":{"start":{"line":790,"column":6},"end":{"line":790,"column":null}},"70":{"start":{"line":794,"column":6},"end":{"line":794,"column":null}},"71":{"start":{"line":797,"column":4},"end":{"line":804,"column":null}},"72":{"start":{"line":803,"column":8},"end":{"line":803,"column":null}},"73":{"start":{"line":803,"column":34},"end":{"line":803,"column":null}},"74":{"start":{"line":807,"column":2},"end":{"line":810,"column":null}},"75":{"start":{"line":815,"column":8},"end":{"line":815,"column":45}},"76":{"start":{"line":817,"column":2},"end":{"line":824,"column":null}},"77":{"start":{"line":818,"column":4},"end":{"line":824,"column":null}},"78":{"start":{"line":821,"column":26},"end":{"line":821,"column":74}},"79":{"start":{"line":822,"column":28},"end":{"line":822,"column":47}},"80":{"start":{"line":827,"column":2},"end":{"line":827,"column":null}}},"fnMap":{"0":{"name":"interpolate","decl":{"start":{"line":649,"column":9},"end":{"line":649,"column":21}},"loc":{"start":{"line":649,"column":41},"end":{"line":654,"column":null}},"line":649},"1":{"name":"(anonymous_1)","decl":{"start":{"line":650,"column":32},"end":{"line":650,"column":null}},"loc":{"start":{"line":652,"column":6},"end":{"line":652,"column":56}},"line":652},"2":{"name":"getPhraseMap","decl":{"start":{"line":657,"column":9},"end":{"line":657,"column":22}},"loc":{"start":{"line":657,"column":32},"end":{"line":665,"column":null}},"line":657},"3":{"name":"(anonymous_3)","decl":{"start":{"line":660,"column":12},"end":{"line":660,"column":21}},"loc":{"start":{"line":660,"column":34},"end":{"line":663,"column":null}},"line":660},"4":{"name":"translateText","decl":{"start":{"line":668,"column":9},"end":{"line":668,"column":23}},"loc":{"start":{"line":668,"column":41},"end":{"line":701,"column":null}},"line":668},"5":{"name":"(anonymous_5)","decl":{"start":{"line":674,"column":51},"end":{"line":674,"column":56}},"loc":{"start":{"line":674,"column":65},"end":{"line":678,"column":null}},"line":674},"6":{"name":"normalizeNodeLanguage","decl":{"start":{"line":704,"column":9},"end":{"line":704,"column":31}},"loc":{"start":{"line":704,"column":48},"end":{"line":738,"column":null}},"line":704},"7":{"name":"(anonymous_7)","decl":{"start":{"line":714,"column":12},"end":{"line":714,"column":21}},"loc":{"start":{"line":714,"column":30},"end":{"line":726,"column":null}},"line":714},"8":{"name":"(anonymous_8)","decl":{"start":{"line":728,"column":66},"end":{"line":728,"column":null}},"loc":{"start":{"line":729,"column":17},"end":{"line":738,"column":null}},"line":729},"9":{"name":"(anonymous_9)","decl":{"start":{"line":730,"column":45},"end":{"line":730,"column":54}},"loc":{"start":{"line":730,"column":68},"end":{"line":736,"column":null}},"line":730},"10":{"name":"LanguageProvider","decl":{"start":{"line":741,"column":16},"end":{"line":741,"column":33}},"loc":{"start":{"line":741,"column":47},"end":{"line":810,"column":null}},"line":741},"11":{"name":"(anonymous_11)","decl":{"start":{"line":742,"column":34},"end":{"line":742,"column":49}},"loc":{"start":{"line":742,"column":49},"end":{"line":750,"column":null}},"line":742},"12":{"name":"(anonymous_12)","decl":{"start":{"line":752,"column":2},"end":{"line":752,"column":18}},"loc":{"start":{"line":752,"column":18},"end":{"line":755,"column":6}},"line":752},"13":{"name":"(anonymous_13)","decl":{"start":{"line":757,"column":2},"end":{"line":757,"column":18}},"loc":{"start":{"line":757,"column":18},"end":{"line":784,"column":6}},"line":757},"14":{"name":"normalize","decl":{"start":{"line":761,"column":13},"end":{"line":761,"column":25}},"loc":{"start":{"line":761,"column":25},"end":{"line":766,"column":null}},"line":761},"15":{"name":"(anonymous_15)","decl":{"start":{"line":771,"column":25},"end":{"line":771,"column":48}},"loc":{"start":{"line":771,"column":48},"end":{"line":773,"column":null}},"line":771},"16":{"name":"(anonymous_16)","decl":{"start":{"line":783,"column":4},"end":{"line":783,"column":17}},"loc":{"start":{"line":783,"column":17},"end":{"line":783,"column":38}},"line":783},"17":{"name":"(anonymous_17)","decl":{"start":{"line":786,"column":16},"end":{"line":786,"column":30}},"loc":{"start":{"line":786,"column":30},"end":{"line":805,"column":6}},"line":786},"18":{"name":"t","decl":{"start":{"line":787,"column":13},"end":{"line":787,"column":15}},"loc":{"start":{"line":787,"column":28},"end":{"line":790,"column":null}},"line":787},"19":{"name":"translate","decl":{"start":{"line":793,"column":13},"end":{"line":793,"column":23}},"loc":{"start":{"line":793,"column":30},"end":{"line":794,"column":null}},"line":793},"20":{"name":"(anonymous_20)","decl":{"start":{"line":802,"column":6},"end":{"line":802,"column":null}},"loc":{"start":{"line":803,"column":8},"end":{"line":803,"column":null}},"line":803},"21":{"name":"(anonymous_21)","decl":{"start":{"line":803,"column":8},"end":{"line":803,"column":21}},"loc":{"start":{"line":803,"column":34},"end":{"line":803,"column":null}},"line":803},"22":{"name":"useLanguage","decl":{"start":{"line":814,"column":16},"end":{"line":814,"column":30}},"loc":{"start":{"line":814,"column":30},"end":{"line":827,"column":null}},"line":814},"23":{"name":"(anonymous_23)","decl":{"start":{"line":820,"column":6},"end":{"line":820,"column":25}},"loc":{"start":{"line":820,"column":25},"end":{"line":820,"column":null}},"line":820},"24":{"name":"(anonymous_24)","decl":{"start":{"line":821,"column":6},"end":{"line":821,"column":10}},"loc":{"start":{"line":821,"column":26},"end":{"line":821,"column":74}},"line":821},"25":{"name":"(anonymous_25)","decl":{"start":{"line":822,"column":6},"end":{"line":822,"column":18}},"loc":{"start":{"line":822,"column":28},"end":{"line":822,"column":47}},"line":822},"26":{"name":"(anonymous_26)","decl":{"start":{"line":823,"column":6},"end":{"line":823,"column":28}},"loc":{"start":{"line":823,"column":28},"end":{"line":823,"column":null}},"line":823}},"branchMap":{"0":{"loc":{"start":{"line":649,"column":28},"end":{"line":649,"column":39}},"type":"default-arg","locations":[{"start":{"line":649,"column":37},"end":{"line":649,"column":39}}],"line":649},"1":{"loc":{"start":{"line":661,"column":16},"end":{"line":661,"column":44}},"type":"cond-expr","locations":[{"start":{"line":661,"column":36},"end":{"line":661,"column":41}},{"start":{"line":661,"column":41},"end":{"line":661,"column":44}}],"line":661},"2":{"loc":{"start":{"line":662,"column":16},"end":{"line":662,"column":44}},"type":"cond-expr","locations":[{"start":{"line":662,"column":36},"end":{"line":662,"column":41}},{"start":{"line":662,"column":41},"end":{"line":662,"column":44}}],"line":662},"3":{"loc":{"start":{"line":672,"column":2},"end":{"line":698,"column":null}},"type":"if","locations":[{"start":{"line":672,"column":2},"end":{"line":698,"column":null}},{"start":{},"end":{}}],"line":672},"4":{"loc":{"start":{"line":672,"column":6},"end":{"line":672,"column":45}},"type":"binary-expr","locations":[{"start":{"line":672,"column":6},"end":{"line":672,"column":21}},{"start":{"line":672,"column":21},"end":{"line":672,"column":45}}],"line":672},"5":{"loc":{"start":{"line":673,"column":4},"end":{"line":683,"column":null}},"type":"if","locations":[{"start":{"line":673,"column":4},"end":{"line":683,"column":null}},{"start":{},"end":{}}],"line":673},"6":{"loc":{"start":{"line":682,"column":6},"end":{"line":683,"column":null}},"type":"if","locations":[{"start":{"line":682,"column":6},"end":{"line":683,"column":null}},{"start":{},"end":{}}],"line":682},"7":{"loc":{"start":{"line":689,"column":4},"end":{"line":694,"column":null}},"type":"if","locations":[{"start":{"line":689,"column":4},"end":{"line":694,"column":null}},{"start":{},"end":{}}],"line":689},"8":{"loc":{"start":{"line":693,"column":6},"end":{"line":694,"column":null}},"type":"if","locations":[{"start":{"line":693,"column":6},"end":{"line":694,"column":null}},{"start":{},"end":{}}],"line":693},"9":{"loc":{"start":{"line":693,"column":10},"end":{"line":693,"column":53}},"type":"binary-expr","locations":[{"start":{"line":693,"column":10},"end":{"line":693,"column":28}},{"start":{"line":693,"column":28},"end":{"line":693,"column":53}}],"line":693},"10":{"loc":{"start":{"line":705,"column":2},"end":{"line":705,"column":null}},"type":"if","locations":[{"start":{"line":705,"column":2},"end":{"line":705,"column":null}},{"start":{},"end":{}}],"line":705},"11":{"loc":{"start":{"line":717,"column":4},"end":{"line":722,"column":null}},"type":"if","locations":[{"start":{"line":717,"column":4},"end":{"line":722,"column":null}},{"start":{},"end":{}}],"line":717},"12":{"loc":{"start":{"line":718,"column":6},"end":{"line":720,"column":null}},"type":"binary-expr","locations":[{"start":{"line":718,"column":6},"end":{"line":718,"column":null}},{"start":{"line":719,"column":6},"end":{"line":719,"column":62}},{"start":{"line":720,"column":6},"end":{"line":720,"column":null}}],"line":718},"13":{"loc":{"start":{"line":725,"column":35},"end":{"line":725,"column":57}},"type":"binary-expr","locations":[{"start":{"line":725,"column":35},"end":{"line":725,"column":53}},{"start":{"line":725,"column":53},"end":{"line":725,"column":57}}],"line":725},"14":{"loc":{"start":{"line":733,"column":8},"end":{"line":734,"column":null}},"type":"if","locations":[{"start":{"line":733,"column":8},"end":{"line":734,"column":null}},{"start":{},"end":{}}],"line":733},"15":{"loc":{"start":{"line":745,"column":4},"end":{"line":746,"column":null}},"type":"if","locations":[{"start":{"line":745,"column":4},"end":{"line":746,"column":null}},{"start":{},"end":{}}],"line":745},"16":{"loc":{"start":{"line":745,"column":8},"end":{"line":745,"column":44}},"type":"binary-expr","locations":[{"start":{"line":745,"column":8},"end":{"line":745,"column":27}},{"start":{"line":745,"column":27},"end":{"line":745,"column":44}}],"line":745},"17":{"loc":{"start":{"line":749,"column":11},"end":{"line":749,"column":null}},"type":"cond-expr","locations":[{"start":{"line":749,"column":64},"end":{"line":749,"column":71}},{"start":{"line":749,"column":71},"end":{"line":749,"column":null}}],"line":749},"18":{"loc":{"start":{"line":754,"column":36},"end":{"line":754,"column":null}},"type":"cond-expr","locations":[{"start":{"line":754,"column":56},"end":{"line":754,"column":66}},{"start":{"line":754,"column":66},"end":{"line":754,"column":null}}],"line":754},"19":{"loc":{"start":{"line":762,"column":6},"end":{"line":762,"column":null}},"type":"if","locations":[{"start":{"line":762,"column":6},"end":{"line":762,"column":null}},{"start":{},"end":{}}],"line":762},"20":{"loc":{"start":{"line":788,"column":21},"end":{"line":788,"column":null}},"type":"binary-expr","locations":[{"start":{"line":788,"column":21},"end":{"line":788,"column":54}},{"start":{"line":788,"column":54},"end":{"line":788,"column":78}},{"start":{"line":788,"column":78},"end":{"line":788,"column":null}}],"line":788},"21":{"loc":{"start":{"line":794,"column":34},"end":{"line":794,"column":46}},"type":"binary-expr","locations":[{"start":{"line":794,"column":34},"end":{"line":794,"column":43}},{"start":{"line":794,"column":43},"end":{"line":794,"column":46}}],"line":794},"22":{"loc":{"start":{"line":803,"column":34},"end":{"line":803,"column":null}},"type":"cond-expr","locations":[{"start":{"line":803,"column":53},"end":{"line":803,"column":60}},{"start":{"line":803,"column":60},"end":{"line":803,"column":null}}],"line":803},"23":{"loc":{"start":{"line":817,"column":2},"end":{"line":824,"column":null}},"type":"if","locations":[{"start":{"line":817,"column":2},"end":{"line":824,"column":null}},{"start":{},"end":{}}],"line":817},"24":{"loc":{"start":{"line":821,"column":38},"end":{"line":821,"column":67}},"type":"binary-expr","locations":[{"start":{"line":821,"column":38},"end":{"line":821,"column":62}},{"start":{"line":821,"column":62},"end":{"line":821,"column":67}}],"line":821},"25":{"loc":{"start":{"line":822,"column":35},"end":{"line":822,"column":47}},"type":"binary-expr","locations":[{"start":{"line":822,"column":35},"end":{"line":822,"column":44}},{"start":{"line":822,"column":44},"end":{"line":822,"column":47}}],"line":822}},"s":{"0":1,"1":1,"2":1,"3":1,"4":4,"5":0,"6":0,"7":0,"8":0,"9":0,"10":0,"11":0,"12":0,"13":0,"14":0,"15":0,"16":0,"17":0,"18":0,"19":0,"20":0,"21":0,"22":0,"23":0,"24":0,"25":0,"26":0,"27":0,"28":0,"29":0,"30":0,"31":0,"32":0,"33":0,"34":0,"35":0,"36":0,"37":0,"38":0,"39":0,"40":0,"41":0,"42":0,"43":0,"44":0,"45":0,"46":0,"47":0,"48":0,"49":0,"50":0,"51":0,"52":0,"53":0,"54":0,"55":0,"56":0,"57":0,"58":0,"59":0,"60":0,"61":0,"62":0,"63":0,"64":0,"65":0,"66":0,"67":0,"68":0,"69":0,"70":0,"71":0,"72":0,"73":0,"74":0,"75":8,"76":8,"77":8,"78":4,"79":0,"80":0},"f":{"0":4,"1":0,"2":0,"3":0,"4":0,"5":0,"6":0,"7":0,"8":0,"9":0,"10":0,"11":0,"12":0,"13":0,"14":0,"15":0,"16":0,"17":0,"18":0,"19":0,"20":0,"21":0,"22":8,"23":0,"24":4,"25":0,"26":0},"b":{"0":[4],"1":[0,0],"2":[0,0],"3":[0,0],"4":[0,0],"5":[0,0],"6":[0,0],"7":[0,0],"8":[0,0],"9":[0,0],"10":[0,0],"11":[0,0],"12":[0,0,0],"13":[0,0],"14":[0,0],"15":[0,0],"16":[0,0],"17":[0,0],"18":[0,0],"19":[0,0],"20":[0,0,0],"21":[0,0],"22":[0,0],"23":[8,0],"24":[4,0],"25":[0,0]},"meta":{"lastBranch":26,"lastFunction":27,"lastStatement":81,"seen":{"s:3:20:3:Infinity":0,"s:5:21:158:Infinity":1,"s:160:18:645:Infinity":2,"s:647:6:647:43":3,"f:649:9:649:21":0,"b:649:37:649:39":0,"s:650:2:654:Infinity":4,"f:650:32:650:Infinity":1,"s:652:6:652:56":5,"f:657:9:657:22":2,"s:658:14:658:23":6,"s:660:2:663:Infinity":7,"f:660:12:660:21":3,"s:661:4:661:Infinity":8,"b:661:36:661:41:661:41:661:44":1,"s:662:4:662:Infinity":9,"b:662:36:662:41:662:41:662:44":2,"s:665:2:665:Infinity":10,"f:668:9:668:23":4,"s:669:18:669:30":11,"s:670:21:670:43":12,"b:672:2:698:Infinity:undefined:undefined:undefined:undefined":3,"s:672:2:698:Infinity":13,"b:672:6:672:21:672:21:672:45":4,"b:673:4:683:Infinity:undefined:undefined:undefined:undefined":5,"s:673:4:683:Infinity":14,"s:674:30:678:Infinity":15,"f:674:51:674:56":5,"s:675:32:675:62":16,"s:677:8:677:Infinity":17,"s:680:23:680:50":18,"b:682:6:683:Infinity:undefined:undefined:undefined:undefined":6,"s:682:6:683:Infinity":19,"s:683:8:683:Infinity":20,"s:687:21:687:52":21,"b:689:4:694:Infinity:undefined:undefined:undefined:undefined":7,"s:689:4:694:Infinity":22,"s:690:31:690:Infinity":23,"s:691:29:691:48":24,"b:693:6:694:Infinity:undefined:undefined:undefined:undefined":8,"s:693:6:694:Infinity":25,"b:693:10:693:28:693:28:693:53":9,"s:694:8:694:Infinity":26,"s:698:4:698:Infinity":27,"s:701:2:701:Infinity":28,"f:704:9:704:31":6,"b:705:2:705:Infinity:undefined:undefined:undefined:undefined":10,"s:705:2:705:Infinity":29,"s:705:13:705:Infinity":30,"s:707:21:707:74":31,"s:708:20:708:22":32,"s:710:2:711:Infinity":33,"s:711:4:711:Infinity":34,"s:714:2:726:Infinity":35,"f:714:12:714:21":7,"s:715:19:715:Infinity":36,"b:717:4:722:Infinity:undefined:undefined:undefined:undefined":11,"s:717:4:722:Infinity":37,"b:718:6:718:Infinity:719:6:719:62:720:6:720:Infinity":12,"s:722:6:722:Infinity":38,"s:725:4:725:Infinity":39,"b:725:35:725:53:725:53:725:57":13,"s:728:2:738:Infinity":40,"f:728:66:728:Infinity":8,"s:730:6:736:Infinity":41,"f:730:45:730:54":9,"s:731:22:731:53":42,"b:733:8:734:Infinity:undefined:undefined:undefined:undefined":14,"s:733:8:734:Infinity":43,"s:734:10:734:Infinity":44,"f:741:16:741:33":10,"s:742:19:750:Infinity":45,"f:742:34:742:49":11,"s:743:19:743:52":46,"b:745:4:746:Infinity:undefined:undefined:undefined:undefined":15,"s:745:4:746:Infinity":47,"b:745:8:745:27:745:27:745:44":16,"s:746:6:746:Infinity":48,"s:749:4:749:Infinity":49,"b:749:64:749:71:749:71:749:Infinity":17,"s:752:2:755:Infinity":50,"f:752:2:752:18":12,"s:753:4:753:Infinity":51,"s:754:4:754:Infinity":52,"b:754:56:754:66:754:66:754:Infinity":18,"s:757:2:784:Infinity":53,"f:757:2:757:18":13,"s:758:22:758:44":54,"s:759:22:759:Infinity":55,"f:761:13:761:25":14,"b:762:6:762:Infinity:undefined:undefined:undefined:undefined":19,"s:762:6:762:Infinity":56,"s:762:23:762:Infinity":57,"s:764:6:764:Infinity":58,"s:765:6:765:Infinity":59,"s:766:6:766:Infinity":60,"s:769:4:769:Infinity":61,"s:771:21:773:Infinity":62,"f:771:25:771:48":15,"s:772:6:772:Infinity":63,"s:775:4:781:Infinity":64,"s:783:4:783:Infinity":65,"f:783:4:783:17":16,"s:783:17:783:38":66,"s:786:8:805:16":67,"f:786:16:786:30":17,"f:787:13:787:15":18,"s:788:21:788:Infinity":68,"b:788:21:788:54:788:54:788:78:788:78:788:Infinity":20,"s:790:6:790:Infinity":69,"f:793:13:793:23":19,"s:794:6:794:Infinity":70,"b:794:34:794:43:794:43:794:46":21,"s:797:4:804:Infinity":71,"f:802:6:802:Infinity":20,"s:803:8:803:Infinity":72,"f:803:8:803:21":21,"s:803:34:803:Infinity":73,"b:803:53:803:60:803:60:803:Infinity":22,"s:807:2:810:Infinity":74,"f:814:16:814:30":22,"s:815:8:815:45":75,"b:817:2:824:Infinity:undefined:undefined:undefined:undefined":23,"s:817:2:824:Infinity":76,"s:818:4:824:Infinity":77,"f:820:6:820:25":23,"f:821:6:821:10":24,"s:821:26:821:74":78,"b:821:38:821:62:821:62:821:67":24,"f:822:6:822:18":25,"s:822:28:822:47":79,"b:822:35:822:44:822:44:822:47":25,"f:823:6:823:28":26,"s:827:2:827:Infinity":80}}}
,"C:\\Users\\mateu\\OneDrive\\Documentos\\GymFocus\\GymFocus\\GymFocus\\src\\lib\\supabase.js": {"path":"C:\\Users\\mateu\\OneDrive\\Documentos\\GymFocus\\GymFocus\\GymFocus\\src\\lib\\supabase.js","statementMap":{"0":{"start":{"line":3,"column":20},"end":{"line":3,"column":null}},"1":{"start":{"line":5,"column":24},"end":{"line":5,"column":null}},"2":{"start":{"line":7,"column":0},"end":{"line":8,"column":null}},"3":{"start":{"line":8,"column":2},"end":{"line":8,"column":null}},"4":{"start":{"line":11,"column":0},"end":{"line":12,"column":null}},"5":{"start":{"line":12,"column":2},"end":{"line":12,"column":null}},"6":{"start":{"line":15,"column":13},"end":{"line":15,"column":66}}},"fnMap":{},"branchMap":{"0":{"loc":{"start":{"line":7,"column":0},"end":{"line":8,"column":null}},"type":"if","locations":[{"start":{"line":7,"column":0},"end":{"line":8,"column":null}},{"start":{},"end":{}}],"line":7},"1":{"loc":{"start":{"line":11,"column":0},"end":{"line":12,"column":null}},"type":"if","locations":[{"start":{"line":11,"column":0},"end":{"line":12,"column":null}},{"start":{},"end":{}}],"line":11}},"s":{"0":1,"1":1,"2":1,"3":0,"4":1,"5":0,"6":1},"f":{},"b":{"0":[0,1],"1":[0,1]},"meta":{"lastBranch":2,"lastFunction":0,"lastStatement":7,"seen":{"s:3:20:3:Infinity":0,"s:5:24:5:Infinity":1,"b:7:0:8:Infinity:undefined:undefined:undefined:undefined":0,"s:7:0:8:Infinity":2,"s:8:2:8:Infinity":3,"b:11:0:12:Infinity:undefined:undefined:undefined:undefined":1,"s:11:0:12:Infinity":4,"s:12:2:12:Infinity":5,"s:15:13:15:66":6}}}
,"C:\\Users\\mateu\\OneDrive\\Documentos\\GymFocus\\GymFocus\\GymFocus\\src\\utils\\errorHandler.js": {"path":"C:\\Users\\mateu\\OneDrive\\Documentos\\GymFocus\\GymFocus\\GymFocus\\src\\utils\\errorHandler.js","statementMap":{"0":{"start":{"line":5,"column":4},"end":{"line":7,"column":null}},"1":{"start":{"line":8,"column":16},"end":{"line":8,"column":null}},"2":{"start":{"line":9,"column":18},"end":{"line":9,"column":null}},"3":{"start":{"line":11,"column":4},"end":{"line":13,"column":null}},"4":{"start":{"line":15,"column":2},"end":{"line":19,"column":null}},"5":{"start":{"line":16,"column":4},"end":{"line":19,"column":null}},"6":{"start":{"line":17,"column":6},"end":{"line":17,"column":null}},"7":{"start":{"line":19,"column":6},"end":{"line":19,"column":null}},"8":{"start":{"line":23,"column":2},"end":{"line":24,"column":null}},"9":{"start":{"line":24,"column":4},"end":{"line":24,"column":null}}},"fnMap":{"0":{"name":"reportError","decl":{"start":{"line":3,"column":16},"end":{"line":3,"column":28}},"loc":{"start":{"line":3,"column":64},"end":{"line":24,"column":null}},"line":3}},"branchMap":{"0":{"loc":{"start":{"line":5,"column":4},"end":{"line":7,"column":null}},"type":"binary-expr","locations":[{"start":{"line":5,"column":4},"end":{"line":5,"column":null}},{"start":{"line":6,"column":4},"end":{"line":6,"column":null}},{"start":{"line":7,"column":4},"end":{"line":7,"column":null}}],"line":5},"1":{"loc":{"start":{"line":8,"column":16},"end":{"line":8,"column":null}},"type":"cond-expr","locations":[{"start":{"line":8,"column":36},"end":{"line":8,"column":57}},{"start":{"line":8,"column":57},"end":{"line":8,"column":null}}],"line":8},"2":{"loc":{"start":{"line":9,"column":18},"end":{"line":9,"column":null}},"type":"cond-expr","locations":[{"start":{"line":9,"column":38},"end":{"line":9,"column":55}},{"start":{"line":9,"column":55},"end":{"line":9,"column":null}}],"line":9},"3":{"loc":{"start":{"line":11,"column":4},"end":{"line":13,"column":null}},"type":"cond-expr","locations":[{"start":{"line":12,"column":8},"end":{"line":12,"column":null}},{"start":{"line":13,"column":8},"end":{"line":13,"column":null}}],"line":11},"4":{"loc":{"start":{"line":11,"column":4},"end":{"line":11,"column":null}},"type":"binary-expr","locations":[{"start":{"line":11,"column":4},"end":{"line":11,"column":26}},{"start":{"line":11,"column":26},"end":{"line":11,"column":null}}],"line":11},"5":{"loc":{"start":{"line":15,"column":2},"end":{"line":19,"column":null}},"type":"if","locations":[{"start":{"line":15,"column":2},"end":{"line":19,"column":null}},{"start":{},"end":{}}],"line":15},"6":{"loc":{"start":{"line":16,"column":4},"end":{"line":19,"column":null}},"type":"if","locations":[{"start":{"line":16,"column":4},"end":{"line":19,"column":null}},{"start":{"line":18,"column":11},"end":{"line":19,"column":null}}],"line":16},"7":{"loc":{"start":{"line":23,"column":2},"end":{"line":24,"column":null}},"type":"if","locations":[{"start":{"line":23,"column":2},"end":{"line":24,"column":null}},{"start":{},"end":{}}],"line":23}},"s":{"0":0,"1":0,"2":0,"3":0,"4":0,"5":0,"6":0,"7":0,"8":0,"9":0},"f":{"0":0},"b":{"0":[0,0,0],"1":[0,0],"2":[0,0],"3":[0,0],"4":[0,0],"5":[0,0],"6":[0,0],"7":[0,0]},"meta":{"lastBranch":8,"lastFunction":1,"lastStatement":10,"seen":{"f:3:16:3:28":0,"s:5:4:7:Infinity":0,"b:5:4:5:Infinity:6:4:6:Infinity:7:4:7:Infinity":0,"s:8:16:8:Infinity":1,"b:8:36:8:57:8:57:8:Infinity":1,"s:9:18:9:Infinity":2,"b:9:38:9:55:9:55:9:Infinity":2,"s:11:4:13:Infinity":3,"b:12:8:12:Infinity:13:8:13:Infinity":3,"b:11:4:11:26:11:26:11:Infinity":4,"b:15:2:19:Infinity:undefined:undefined:undefined:undefined":5,"s:15:2:19:Infinity":4,"b:16:4:19:Infinity:18:11:19:Infinity":6,"s:16:4:19:Infinity":5,"s:17:6:17:Infinity":6,"s:19:6:19:Infinity":7,"b:23:2:24:Infinity:undefined:undefined:undefined:undefined":7,"s:23:2:24:Infinity":8,"s:24:4:24:Infinity":9}}}
,"C:\\Users\\mateu\\OneDrive\\Documentos\\GymFocus\\GymFocus\\GymFocus\\src\\workout\\workoutSequence.js": {"path":"C:\\Users\\mateu\\OneDrive\\Documentos\\GymFocus\\GymFocus\\GymFocus\\src\\workout\\workoutSequence.js","statementMap":{"0":{"start":{"line":1,"column":35},"end":{"line":1,"column":null}},"1":{"start":{"line":3,"column":33},"end":{"line":10,"column":null}},"2":{"start":{"line":13,"column":2},"end":{"line":14,"column":null}},"3":{"start":{"line":14,"column":4},"end":{"line":14,"column":null}},"4":{"start":{"line":17,"column":2},"end":{"line":17,"column":null}},"5":{"start":{"line":21,"column":15},"end":{"line":21,"column":33}},"6":{"start":{"line":22,"column":16},"end":{"line":22,"column":60}},"7":{"start":{"line":23,"column":14},"end":{"line":23,"column":53}},"8":{"start":{"line":25,"column":2},"end":{"line":25,"column":null}},"9":{"start":{"line":29,"column":18},"end":{"line":29,"column":47}},"10":{"start":{"line":31,"column":2},"end":{"line":32,"column":null}},"11":{"start":{"line":32,"column":4},"end":{"line":32,"column":null}},"12":{"start":{"line":35,"column":29},"end":{"line":35,"column":47}},"13":{"start":{"line":37,"column":2},"end":{"line":38,"column":null}},"14":{"start":{"line":38,"column":4},"end":{"line":38,"column":null}},"15":{"start":{"line":41,"column":2},"end":{"line":41,"column":null}},"16":{"start":{"line":45,"column":2},"end":{"line":54,"column":null}},"17":{"start":{"line":46,"column":18},"end":{"line":46,"column":51}},"18":{"start":{"line":47,"column":18},"end":{"line":47,"column":51}},"19":{"start":{"line":49,"column":4},"end":{"line":50,"column":null}},"20":{"start":{"line":50,"column":6},"end":{"line":50,"column":null}},"21":{"start":{"line":53,"column":4},"end":{"line":53,"column":null}},"22":{"start":{"line":58,"column":28},"end":{"line":59,"column":null}},"23":{"start":{"line":59,"column":18},"end":{"line":59,"column":null}},"24":{"start":{"line":62,"column":21},"end":{"line":62,"column":52}},"25":{"start":{"line":64,"column":2},"end":{"line":64,"column":null}},"26":{"start":{"line":64,"column":43},"end":{"line":64,"column":67}},"27":{"start":{"line":72,"column":22},"end":{"line":72,"column":67}},"28":{"start":{"line":74,"column":2},"end":{"line":75,"column":null}},"29":{"start":{"line":75,"column":4},"end":{"line":75,"column":null}},"30":{"start":{"line":78,"column":23},"end":{"line":78,"column":47}},"31":{"start":{"line":80,"column":2},"end":{"line":81,"column":null}},"32":{"start":{"line":81,"column":4},"end":{"line":81,"column":null}},"33":{"start":{"line":84,"column":8},"end":{"line":84,"column":null}},"34":{"start":{"line":86,"column":2},"end":{"line":86,"column":null}},"35":{"start":{"line":90,"column":2},"end":{"line":90,"column":null}},"36":{"start":{"line":98,"column":22},"end":{"line":98,"column":67}},"37":{"start":{"line":100,"column":2},"end":{"line":101,"column":null}},"38":{"start":{"line":101,"column":4},"end":{"line":101,"column":null}},"39":{"start":{"line":104,"column":20},"end":{"line":111,"column":null}},"40":{"start":{"line":105,"column":19},"end":{"line":105,"column":null}},"41":{"start":{"line":107,"column":4},"end":{"line":109,"column":null}},"42":{"start":{"line":113,"column":2},"end":{"line":114,"column":null}},"43":{"start":{"line":114,"column":4},"end":{"line":114,"column":null}},"44":{"start":{"line":117,"column":2},"end":{"line":117,"column":null}},"45":{"start":{"line":121,"column":2},"end":{"line":121,"column":null}},"46":{"start":{"line":125,"column":2},"end":{"line":126,"column":null}},"47":{"start":{"line":126,"column":4},"end":{"line":126,"column":null}},"48":{"start":{"line":129,"column":16},"end":{"line":129,"column":null}},"49":{"start":{"line":131,"column":2},"end":{"line":132,"column":null}},"50":{"start":{"line":132,"column":4},"end":{"line":132,"column":null}},"51":{"start":{"line":135,"column":2},"end":{"line":135,"column":null}}},"fnMap":{"0":{"name":"getWorkoutDateKey","decl":{"start":{"line":12,"column":16},"end":{"line":12,"column":34}},"loc":{"start":{"line":12,"column":47},"end":{"line":17,"column":null}},"line":12},"1":{"name":"getLocalDateString","decl":{"start":{"line":20,"column":16},"end":{"line":20,"column":35}},"loc":{"start":{"line":20,"column":54},"end":{"line":25,"column":null}},"line":20},"2":{"name":"formatWorkoutDate","decl":{"start":{"line":28,"column":16},"end":{"line":28,"column":34}},"loc":{"start":{"line":28,"column":46},"end":{"line":41,"column":null}},"line":28},"3":{"name":"sortWorkoutLogs","decl":{"start":{"line":44,"column":16},"end":{"line":44,"column":32}},"loc":{"start":{"line":44,"column":43},"end":{"line":54,"column":null}},"line":44},"4":{"name":"(anonymous_4)","decl":{"start":{"line":45,"column":19},"end":{"line":45,"column":25}},"loc":{"start":{"line":45,"column":34},"end":{"line":54,"column":null}},"line":45},"5":{"name":"getOrderedWorkoutDaysFromExercises","decl":{"start":{"line":57,"column":16},"end":{"line":57,"column":51}},"loc":{"start":{"line":57,"column":67},"end":{"line":64,"column":null}},"line":57},"6":{"name":"(anonymous_6)","decl":{"start":{"line":58,"column":38},"end":{"line":58,"column":null}},"loc":{"start":{"line":59,"column":18},"end":{"line":59,"column":null}},"line":59},"7":{"name":"(anonymous_7)","decl":{"start":{"line":64,"column":27},"end":{"line":64,"column":35}},"loc":{"start":{"line":64,"column":43},"end":{"line":64,"column":67}},"line":64},"8":{"name":"getNextWorkoutDayAfter","decl":{"start":{"line":67,"column":16},"end":{"line":67,"column":null}},"loc":{"start":{"line":71,"column":2},"end":{"line":86,"column":null}},"line":71},"9":{"name":"calculateNextWorkoutDay","decl":{"start":{"line":89,"column":16},"end":{"line":89,"column":40}},"loc":{"start":{"line":89,"column":74},"end":{"line":90,"column":null}},"line":89},"10":{"name":"getCurrentWorkoutDay","decl":{"start":{"line":93,"column":16},"end":{"line":93,"column":null}},"loc":{"start":{"line":97,"column":2},"end":{"line":117,"column":null}},"line":97},"11":{"name":"(anonymous_11)","decl":{"start":{"line":104,"column":42},"end":{"line":104,"column":50}},"loc":{"start":{"line":104,"column":58},"end":{"line":111,"column":null}},"line":104},"12":{"name":"calculateCurrentWorkoutDay","decl":{"start":{"line":120,"column":16},"end":{"line":120,"column":43}},"loc":{"start":{"line":120,"column":83},"end":{"line":121,"column":null}},"line":120},"13":{"name":"getWorkoutLabel","decl":{"start":{"line":124,"column":16},"end":{"line":124,"column":32}},"loc":{"start":{"line":124,"column":70},"end":{"line":135,"column":null}},"line":124}},"branchMap":{"0":{"loc":{"start":{"line":13,"column":2},"end":{"line":14,"column":null}},"type":"if","locations":[{"start":{"line":13,"column":2},"end":{"line":14,"column":null}},{"start":{},"end":{}}],"line":13},"1":{"loc":{"start":{"line":20,"column":35},"end":{"line":20,"column":52}},"type":"default-arg","locations":[{"start":{"line":20,"column":42},"end":{"line":20,"column":52}}],"line":20},"2":{"loc":{"start":{"line":31,"column":2},"end":{"line":32,"column":null}},"type":"if","locations":[{"start":{"line":31,"column":2},"end":{"line":32,"column":null}},{"start":{},"end":{}}],"line":31},"3":{"loc":{"start":{"line":37,"column":2},"end":{"line":38,"column":null}},"type":"if","locations":[{"start":{"line":37,"column":2},"end":{"line":38,"column":null}},{"start":{},"end":{}}],"line":37},"4":{"loc":{"start":{"line":37,"column":6},"end":{"line":37,"column":31}},"type":"binary-expr","locations":[{"start":{"line":37,"column":6},"end":{"line":37,"column":15}},{"start":{"line":37,"column":15},"end":{"line":37,"column":25}},{"start":{"line":37,"column":25},"end":{"line":37,"column":31}}],"line":37},"5":{"loc":{"start":{"line":44,"column":32},"end":{"line":44,"column":41}},"type":"default-arg","locations":[{"start":{"line":44,"column":39},"end":{"line":44,"column":41}}],"line":44},"6":{"loc":{"start":{"line":49,"column":4},"end":{"line":50,"column":null}},"type":"if","locations":[{"start":{"line":49,"column":4},"end":{"line":50,"column":null}},{"start":{},"end":{}}],"line":49},"7":{"loc":{"start":{"line":53,"column":18},"end":{"line":53,"column":37}},"type":"binary-expr","locations":[{"start":{"line":53,"column":18},"end":{"line":53,"column":34}},{"start":{"line":53,"column":34},"end":{"line":53,"column":37}}],"line":53},"8":{"loc":{"start":{"line":53,"column":59},"end":{"line":53,"column":78}},"type":"binary-expr","locations":[{"start":{"line":53,"column":59},"end":{"line":53,"column":75}},{"start":{"line":53,"column":75},"end":{"line":53,"column":78}}],"line":53},"9":{"loc":{"start":{"line":57,"column":51},"end":{"line":57,"column":65}},"type":"default-arg","locations":[{"start":{"line":57,"column":63},"end":{"line":57,"column":65}}],"line":57},"10":{"loc":{"start":{"line":59,"column":18},"end":{"line":59,"column":null}},"type":"binary-expr","locations":[{"start":{"line":59,"column":18},"end":{"line":59,"column":42}},{"start":{"line":59,"column":42},"end":{"line":59,"column":null}}],"line":59},"11":{"loc":{"start":{"line":69,"column":2},"end":{"line":69,"column":16}},"type":"default-arg","locations":[{"start":{"line":69,"column":14},"end":{"line":69,"column":16}}],"line":69},"12":{"loc":{"start":{"line":70,"column":2},"end":{"line":70,"column":null}},"type":"default-arg","locations":[{"start":{"line":70,"column":16},"end":{"line":70,"column":null}}],"line":70},"13":{"loc":{"start":{"line":74,"column":2},"end":{"line":75,"column":null}},"type":"if","locations":[{"start":{"line":74,"column":2},"end":{"line":75,"column":null}},{"start":{},"end":{}}],"line":74},"14":{"loc":{"start":{"line":80,"column":2},"end":{"line":81,"column":null}},"type":"if","locations":[{"start":{"line":80,"column":2},"end":{"line":81,"column":null}},{"start":{},"end":{}}],"line":80},"15":{"loc":{"start":{"line":89,"column":45},"end":{"line":89,"column":59}},"type":"default-arg","locations":[{"start":{"line":89,"column":57},"end":{"line":89,"column":59}}],"line":89},"16":{"loc":{"start":{"line":94,"column":2},"end":{"line":94,"column":16}},"type":"default-arg","locations":[{"start":{"line":94,"column":14},"end":{"line":94,"column":16}}],"line":94},"17":{"loc":{"start":{"line":95,"column":2},"end":{"line":95,"column":11}},"type":"default-arg","locations":[{"start":{"line":95,"column":9},"end":{"line":95,"column":11}}],"line":95},"18":{"loc":{"start":{"line":96,"column":2},"end":{"line":96,"column":null}},"type":"default-arg","locations":[{"start":{"line":96,"column":16},"end":{"line":96,"column":null}}],"line":96},"19":{"loc":{"start":{"line":100,"column":2},"end":{"line":101,"column":null}},"type":"if","locations":[{"start":{"line":100,"column":2},"end":{"line":101,"column":null}},{"start":{},"end":{}}],"line":100},"20":{"loc":{"start":{"line":105,"column":19},"end":{"line":105,"column":null}},"type":"binary-expr","locations":[{"start":{"line":105,"column":19},"end":{"line":105,"column":33}},{"start":{"line":105,"column":33},"end":{"line":105,"column":null}}],"line":105},"21":{"loc":{"start":{"line":108,"column":6},"end":{"line":109,"column":47}},"type":"binary-expr","locations":[{"start":{"line":108,"column":6},"end":{"line":108,"column":43}},{"start":{"line":109,"column":6},"end":{"line":109,"column":47}}],"line":108},"22":{"loc":{"start":{"line":113,"column":2},"end":{"line":114,"column":null}},"type":"if","locations":[{"start":{"line":113,"column":2},"end":{"line":114,"column":null}},{"start":{},"end":{}}],"line":113},"23":{"loc":{"start":{"line":120,"column":43},"end":{"line":120,"column":57}},"type":"default-arg","locations":[{"start":{"line":120,"column":55},"end":{"line":120,"column":57}}],"line":120},"24":{"loc":{"start":{"line":120,"column":59},"end":{"line":120,"column":68}},"type":"default-arg","locations":[{"start":{"line":120,"column":66},"end":{"line":120,"column":68}}],"line":120},"25":{"loc":{"start":{"line":124,"column":43},"end":{"line":124,"column":70}},"type":"default-arg","locations":[{"start":{"line":124,"column":56},"end":{"line":124,"column":70}}],"line":124},"26":{"loc":{"start":{"line":125,"column":2},"end":{"line":126,"column":null}},"type":"if","locations":[{"start":{"line":125,"column":2},"end":{"line":126,"column":null}},{"start":{},"end":{}}],"line":125},"27":{"loc":{"start":{"line":131,"column":2},"end":{"line":132,"column":null}},"type":"if","locations":[{"start":{"line":131,"column":2},"end":{"line":132,"column":null}},{"start":{},"end":{}}],"line":131}},"s":{"0":1,"1":1,"2":6,"3":0,"4":6,"5":0,"6":0,"7":0,"8":0,"9":2,"10":2,"11":0,"12":2,"13":2,"14":0,"15":2,"16":6,"17":2,"18":2,"19":2,"20":1,"21":1,"22":12,"23":36,"24":12,"25":12,"26":72,"27":6,"28":6,"29":0,"30":6,"31":6,"32":0,"33":6,"34":6,"35":0,"36":5,"37":5,"38":0,"39":5,"40":4,"41":4,"42":5,"43":2,"44":3,"45":0,"46":1,"47":0,"48":1,"49":1,"50":0,"51":1},"f":{"0":6,"1":0,"2":2,"3":6,"4":2,"5":12,"6":36,"7":72,"8":6,"9":0,"10":5,"11":4,"12":0,"13":1},"b":{"0":[0,6],"1":[0],"2":[0,2],"3":[0,2],"4":[2,2,2],"5":[6],"6":[1,1],"7":[1,0],"8":[2,0],"9":[12],"10":[36,0],"11":[6],"12":[6],"13":[0,6],"14":[0,6],"15":[0],"16":[5],"17":[5],"18":[5],"19":[0,5],"20":[4,0],"21":[4,3],"22":[2,3],"23":[0],"24":[0],"25":[1],"26":[0,1],"27":[0,1]},"meta":{"lastBranch":28,"lastFunction":14,"lastStatement":52,"seen":{"s:1:35:1:Infinity":0,"s:3:33:10:Infinity":1,"f:12:16:12:34":0,"b:13:2:14:Infinity:undefined:undefined:undefined:undefined":0,"s:13:2:14:Infinity":2,"s:14:4:14:Infinity":3,"s:17:2:17:Infinity":4,"f:20:16:20:35":1,"b:20:42:20:52":1,"s:21:15:21:33":5,"s:22:16:22:60":6,"s:23:14:23:53":7,"s:25:2:25:Infinity":8,"f:28:16:28:34":2,"s:29:18:29:47":9,"b:31:2:32:Infinity:undefined:undefined:undefined:undefined":2,"s:31:2:32:Infinity":10,"s:32:4:32:Infinity":11,"s:35:29:35:47":12,"b:37:2:38:Infinity:undefined:undefined:undefined:undefined":3,"s:37:2:38:Infinity":13,"b:37:6:37:15:37:15:37:25:37:25:37:31":4,"s:38:4:38:Infinity":14,"s:41:2:41:Infinity":15,"f:44:16:44:32":3,"b:44:39:44:41":5,"s:45:2:54:Infinity":16,"f:45:19:45:25":4,"s:46:18:46:51":17,"s:47:18:47:51":18,"b:49:4:50:Infinity:undefined:undefined:undefined:undefined":6,"s:49:4:50:Infinity":19,"s:50:6:50:Infinity":20,"s:53:4:53:Infinity":21,"b:53:18:53:34:53:34:53:37":7,"b:53:59:53:75:53:75:53:78":8,"f:57:16:57:51":5,"b:57:63:57:65":9,"s:58:28:59:Infinity":22,"f:58:38:58:Infinity":6,"s:59:18:59:Infinity":23,"b:59:18:59:42:59:42:59:Infinity":10,"s:62:21:62:52":24,"s:64:2:64:Infinity":25,"f:64:27:64:35":7,"s:64:43:64:67":26,"f:67:16:67:Infinity":8,"b:69:14:69:16":11,"b:70:16:70:Infinity":12,"s:72:22:72:67":27,"b:74:2:75:Infinity:undefined:undefined:undefined:undefined":13,"s:74:2:75:Infinity":28,"s:75:4:75:Infinity":29,"s:78:23:78:47":30,"b:80:2:81:Infinity:undefined:undefined:undefined:undefined":14,"s:80:2:81:Infinity":31,"s:81:4:81:Infinity":32,"s:84:8:84:Infinity":33,"s:86:2:86:Infinity":34,"f:89:16:89:40":9,"b:89:57:89:59":15,"s:90:2:90:Infinity":35,"f:93:16:93:Infinity":10,"b:94:14:94:16":16,"b:95:9:95:11":17,"b:96:16:96:Infinity":18,"s:98:22:98:67":36,"b:100:2:101:Infinity:undefined:undefined:undefined:undefined":19,"s:100:2:101:Infinity":37,"s:101:4:101:Infinity":38,"s:104:20:111:Infinity":39,"f:104:42:104:50":11,"s:105:19:105:Infinity":40,"b:105:19:105:33:105:33:105:Infinity":20,"s:107:4:109:Infinity":41,"b:108:6:108:43:109:6:109:47":21,"b:113:2:114:Infinity:undefined:undefined:undefined:undefined":22,"s:113:2:114:Infinity":42,"s:114:4:114:Infinity":43,"s:117:2:117:Infinity":44,"f:120:16:120:43":12,"b:120:55:120:57":23,"b:120:66:120:68":24,"s:121:2:121:Infinity":45,"f:124:16:124:32":13,"b:124:56:124:70":25,"b:125:2:126:Infinity:undefined:undefined:undefined:undefined":26,"s:125:2:126:Infinity":46,"s:126:4:126:Infinity":47,"s:129:16:129:Infinity":48,"b:131:2:132:Infinity:undefined:undefined:undefined:undefined":27,"s:131:2:132:Infinity":49,"s:132:4:132:Infinity":50,"s:135:2:135:Infinity":51}}}
}
